Unity Editor version:    2020.3.24f1 (79c78de19888)
Branch:                  2020.3/staging
Build type:              Release
Batch mode:              YES
macOS version:           Version 11.5.2 (Build 20G95)
Darwin version:          20.6.0
Architecture:            x86_64
Running under Rosetta:   NO
Available memory:        65536 MB
Using pre-set license
Pro License: NO

COMMAND LINE ARGUMENTS:
/Applications/Unity/Hub/Editor/2020.3.24f1/Unity.app/Contents/MacOS/Unity
-adb2
-batchMode
-noUpm
-name
AssetImportWorker0
-projectPath
/Users/ando/work/Unity/unity-training/AppleCatch
-logFile
Logs/AssetImportWorker0.log
-srvPort
50100
Successfully changed project path to: /Users/ando/work/Unity/unity-training/AppleCatch
/Users/ando/work/Unity/unity-training/AppleCatch
Using Asset Import Pipeline V2.
Refreshing native plugins compatible for Editor in 27.88 ms, found 2 plugins.
Preloading 0 native plugins for Editor in 0.00 ms.
Initialize engine version: 2020.3.24f1 (79c78de19888)
[Subsystems] Discovering subsystems at path /Applications/Unity/Hub/Editor/2020.3.24f1/Unity.app/Contents/Resources/UnitySubsystems
[Subsystems] Discovering subsystems at path /Users/ando/work/Unity/unity-training/AppleCatch/Assets
GfxDevice: creating device client; threaded=0
2022-01-20 18:52:21.836 Unity[2523:92797] Color LCD preferred device: Intel(R) UHD Graphics 630 (low power)
2022-01-20 18:52:21.836 Unity[2523:92797] Metal devices available: 2
2022-01-20 18:52:21.836 Unity[2523:92797] 0: AMD Radeon Pro 5500M (high power)
2022-01-20 18:52:21.836 Unity[2523:92797] 1: Intel(R) UHD Graphics 630 (low power)
2022-01-20 18:52:21.837 Unity[2523:92797] Using device AMD Radeon Pro 5500M (high power)
Initializing Metal device caps: AMD Radeon Pro 5500M
Initialize mono
Mono path[0] = '/Applications/Unity/Hub/Editor/2020.3.24f1/Unity.app/Contents/Managed'
Mono path[1] = '/Applications/Unity/Hub/Editor/2020.3.24f1/Unity.app/Contents/MonoBleedingEdge/lib/mono/unityjit'
Mono config path = '/Applications/Unity/Hub/Editor/2020.3.24f1/Unity.app/Contents/MonoBleedingEdge/etc'
Using monoOptions --debugger-agent=transport=dt_socket,embedding=1,server=y,suspend=n,address=127.0.0.1:56523
Begin MonoManager ReloadAssembly
Registering precompiled unity dll's ...
Register platform support module: /Applications/Unity/Hub/Editor/2020.3.24f1/Unity.app/Contents/PlaybackEngines/MacStandaloneSupport/UnityEditor.OSXStandalone.Extensions.dll
Registered in 0.000476 seconds.
Native extension for OSXStandalone target not found
Refreshing native plugins compatible for Editor in 25.67 ms, found 2 plugins.
Preloading 0 native plugins for Editor in 0.00 ms.
Mono: successfully reloaded assembly
- Completed reload, in  0.573 seconds
Domain Reload Profiling:
	ReloadAssembly (573ms)
		BeginReloadAssembly (43ms)
			ExecutionOrderSort (0ms)
			DisableScriptedObjects (0ms)
			BackupInstance (0ms)
			ReleaseScriptingObjects (0ms)
			CreateAndSetChildDomain (1ms)
		EndReloadAssembly (457ms)
			LoadAssemblies (42ms)
			RebuildTransferFunctionScriptingTraits (0ms)
			SetupTypeCache (180ms)
			ReleaseScriptCaches (0ms)
			RebuildScriptCaches (38ms)
			SetupLoadedEditorAssemblies (162ms)
				LogAssemblyErrors (0ms)
				InitializePlatformSupportModulesInManaged (4ms)
				SetLoadedEditorAssemblies (0ms)
				RefreshPlugins (26ms)
				BeforeProcessingInitializeOnLoad (10ms)
				ProcessInitializeOnLoadAttributes (93ms)
				ProcessInitializeOnLoadMethodAttributes (29ms)
				AfterProcessingInitializeOnLoad (0ms)
				EditorAssembliesLoaded (0ms)
			ExecutionOrderSort2 (0ms)
			AwakeInstancesAfterBackupRestoration (0ms)
Platform modules already initialized, skipping
Registering precompiled user dll's ...
Registered in 0.001439 seconds.
Begin MonoManager ReloadAssembly
Native extension for OSXStandalone target not found
Refreshing native plugins compatible for Editor in 0.28 ms, found 2 plugins.
Preloading 0 native plugins for Editor in 0.00 ms.
Mono: successfully reloaded assembly
- Completed reload, in  1.086 seconds
Domain Reload Profiling:
	ReloadAssembly (1086ms)
		BeginReloadAssembly (150ms)
			ExecutionOrderSort (0ms)
			DisableScriptedObjects (5ms)
			BackupInstance (0ms)
			ReleaseScriptingObjects (0ms)
			CreateAndSetChildDomain (27ms)
		EndReloadAssembly (875ms)
			LoadAssemblies (73ms)
			RebuildTransferFunctionScriptingTraits (0ms)
			SetupTypeCache (329ms)
			ReleaseScriptCaches (0ms)
			RebuildScriptCaches (47ms)
			SetupLoadedEditorAssemblies (322ms)
				LogAssemblyErrors (0ms)
				InitializePlatformSupportModulesInManaged (4ms)
				SetLoadedEditorAssemblies (0ms)
				RefreshPlugins (0ms)
				BeforeProcessingInitializeOnLoad (71ms)
				ProcessInitializeOnLoadAttributes (236ms)
				ProcessInitializeOnLoadMethodAttributes (9ms)
				AfterProcessingInitializeOnLoad (2ms)
				EditorAssembliesLoaded (0ms)
			ExecutionOrderSort2 (0ms)
			AwakeInstancesAfterBackupRestoration (6ms)
Platform modules already initialized, skipping
Validating Project structure ... 0.000131 seconds.
Shader import version has changed; will reimport all shaders...
Upgrading shader files ...0.000168 seconds.
Application.AssetDatabase Initial Script Refresh Start
RefreshInfo: InitialScriptRefreshV2(NoUpdateAssetOptions) scanfilter:  ... 1 filters
RefreshProfiler: Total: 0.000ms
Application.AssetDatabase Initial Script Refresh End
Application.AssetDatabase.Refresh Start
Application.AssetDatabase.Refresh End
RefreshInfo: StopAssetImportingV2(ForceSynchronousImport) scanfilter: 
RefreshProfiler: Total: 0.000ms
Launching external process: /Applications/Unity/Hub/Editor/2020.3.24f1/Unity.app/Contents/Tools/UnityShaderCompiler
Launched and connected shader compiler UnityShaderCompiler after 0.01 seconds
Initializing Unity extensions:
========================================================================
Worker process is ready to serve import requests
Refreshing native plugins compatible for Editor in 0.23 ms, found 2 plugins.
Preloading 0 native plugins for Editor in 0.00 ms.
Unloading 1501 Unused Serialized files (Serialized files now loaded: 0)
System memory in use before: 161.6 MB.
System memory in use after: 160.8 MB.

Unloading 80 unused Assets to reduce memory usage. Loaded Objects now: 1972.
Total: 3.094357 ms (FindLiveObjects: 0.166380 ms CreateObjectMapping: 0.046321 ms MarkObjects: 2.411541 ms  DeleteObjects: 0.469378 ms)

AssetImportParameters requested are different than current active one (requested -> active):
  custom:video-decoder-ogg-theora: a1e56fd34408186e4bbccfd4996cb3dc -> 
  custom:container-muxer-webm: aa71ff27fc2769a1b78a27578f13a17b -> 
  custom:container-demuxer-webm: 4f35f7cbe854078d1ac9338744f61a02 -> 
  custom:container-demuxer-ogg: 62fdf1f143b41e24485cea50d1cbac27 -> 
  custom:video-encoder-webm-vp8: eb34c28f22e8b96e1ab97ce403110664 -> 
  custom:framework-osx-AVFoundation: e770b220cccbd017edd2c1fefb359320 -> 
  custom:video-decoder-webm-vp8: 9c59270c3fd7afecdb556c50c9e8de78 -> 
  custom:audio-decoder-ogg-vorbis: bf7c407c2cedff20999df2af8eb42d56 -> 
  custom:audio-encoder-webm-vorbis: bf7c407c2cedff20999df2af8eb42d56 -> 
========================================================================
Received Import Request.
  path: Assets/stage.fbx
  artifactKey: Guid(feb8b6060fb3449289bc1d929103a3bf) Importer(815301076,1909f56bfc062723c751e8b465ee728b)
Start importing Assets/stage.fbx using Guid(feb8b6060fb3449289bc1d929103a3bf) Importer(815301076,1909f56bfc062723c751e8b465ee728b)  -> (artifact id: '7d9e1f39425dc0b0fc579461dd70db30') in 1.777365 seconds 
  Import took 1.782210 seconds .

========================================================================
Received Import Request.
  Time since last request: 0.000268 seconds.
  path: Assets/bomb.fbx
  artifactKey: Guid(ce7d02dabc9a246729912ab9874f7714) Importer(815301076,1909f56bfc062723c751e8b465ee728b)
Start importing Assets/bomb.fbx using Guid(ce7d02dabc9a246729912ab9874f7714) Importer(815301076,1909f56bfc062723c751e8b465ee728b)  -> (artifact id: '0eeb91f0b714366719f0e8a063e2f99b') in 0.044439 seconds 
  Import took 0.046972 seconds .

========================================================================
Received Import Request.
  Time since last request: 0.000201 seconds.
  path: Assets/basket.fbx
  artifactKey: Guid(2bae7c88bd5164dc3b016690cc71e82d) Importer(815301076,1909f56bfc062723c751e8b465ee728b)
Start importing Assets/basket.fbx using Guid(2bae7c88bd5164dc3b016690cc71e82d) Importer(815301076,1909f56bfc062723c751e8b465ee728b)  -> (artifact id: '92ab5c4fd05ee0fab85e91cf8872fa83') in 0.018172 seconds 
  Import took 0.020544 seconds .

========================================================================
Received Import Request.
  Time since last request: 0.000162 seconds.
  path: Assets/damage_se.mp3
  artifactKey: Guid(233a7395925a041afb77e61415b6dfa3) Importer(815301076,1909f56bfc062723c751e8b465ee728b)
Start importing Assets/damage_se.mp3 using Guid(233a7395925a041afb77e61415b6dfa3) Importer(815301076,1909f56bfc062723c751e8b465ee728b)  -> (artifact id: 'a5b8a2c68576bec4e086a1c0c38c13e0') in 1.076324 seconds 
  Import took 1.081058 seconds .

========================================================================
Received Import Request.
  Time since last request: 0.000602 seconds.
  path: Assets/get_se.mp3
  artifactKey: Guid(c42f0d01090b0478e915c8c5a1d89ba6) Importer(815301076,1909f56bfc062723c751e8b465ee728b)
Start importing Assets/get_se.mp3 using Guid(c42f0d01090b0478e915c8c5a1d89ba6) Importer(815301076,1909f56bfc062723c751e8b465ee728b)  -> (artifact id: '997dd549e8d4a13107ee8605c38460b8') in 0.009464 seconds 
  Import took 0.011639 seconds .

========================================================================
Received Import Request.
  Time since last request: 0.000251 seconds.
  path: Assets/apple.fbx
  artifactKey: Guid(ad0e7268e72ac413181cbed7b4f744d5) Importer(815301076,1909f56bfc062723c751e8b465ee728b)
Start importing Assets/apple.fbx using Guid(ad0e7268e72ac413181cbed7b4f744d5) Importer(815301076,1909f56bfc062723c751e8b465ee728b)  -> (artifact id: '13b0f7d6ea92a39c1389ead3bd95c54b') in 0.048936 seconds 
  Import took 0.051321 seconds .

