Using pre-set license
Pro License: NO

 COMMAND LINE ARGUMENTS:
/Applications/Unity/Hub/Editor/2021.1.16f1/Unity.app/Contents/MacOS/Unity
-adb2
-batchMode
-noUpm
-name
AssetImportWorker0
-projectPath
/Users/ando/work/Unity/unity-training/UnityChan3DSample
-logFile
Logs/AssetImportWorker0.log
-srvPort
52865
Successfully changed project path to: /Users/ando/work/Unity/unity-training/UnityChan3DSample
/Users/ando/work/Unity/unity-training/UnityChan3DSample
Using Asset Import Pipeline V2.
Refreshing native plugins compatible for Editor in 81.95 ms, found 2 plugins.
Preloading 0 native plugins for Editor in 0.00 ms.
Initialize engine version: 2021.1.16f1 (5fa502fca597)
[Subsystems] Discovering subsystems at path /Applications/Unity/Hub/Editor/2021.1.16f1/Unity.app/Contents/Resources/UnitySubsystems
[Subsystems] Discovering subsystems at path /Users/ando/work/Unity/unity-training/UnityChan3DSample/Assets
GfxDevice: creating device client; threaded=0; jobified=0
2022-01-23 23:44:55.084 Unity[10843:252850] Color LCD preferred device: Intel(R) UHD Graphics 630 (low power)
2022-01-23 23:44:55.084 Unity[10843:252850] Metal devices available: 2
2022-01-23 23:44:55.085 Unity[10843:252850] 0: AMD Radeon Pro 5500M (high power)
2022-01-23 23:44:55.085 Unity[10843:252850] 1: Intel(R) UHD Graphics 630 (low power)
2022-01-23 23:44:55.086 Unity[10843:252850] Using device AMD Radeon Pro 5500M (high power)
Initializing Metal device caps: AMD Radeon Pro 5500M
Initialize mono
Mono path[0] = '/Applications/Unity/Hub/Editor/2021.1.16f1/Unity.app/Contents/Managed'
Mono path[1] = '/Applications/Unity/Hub/Editor/2021.1.16f1/Unity.app/Contents/MonoBleedingEdge/lib/mono/unityjit'
Mono config path = '/Applications/Unity/Hub/Editor/2021.1.16f1/Unity.app/Contents/MonoBleedingEdge/etc'
Using monoOptions --debugger-agent=transport=dt_socket,embedding=1,server=y,suspend=n,address=127.0.0.1:56843
Begin MonoManager ReloadAssembly
Registering precompiled unity dll's ...
Register platform support module: /Applications/Unity/Hub/Editor/2021.1.16f1/Unity.app/Contents/PlaybackEngines/MacStandaloneSupport/UnityEditor.OSXStandalone.Extensions.dll
Registered in 0.000457 seconds.
Native extension for OSXStandalone target not found
Refreshing native plugins compatible for Editor in 76.47 ms, found 2 plugins.
Preloading 0 native plugins for Editor in 0.00 ms.
Mono: successfully reloaded assembly
- Completed reload, in  2.685 seconds
Domain Reload Profiling:
	ReloadAssembly (2685ms)
		BeginReloadAssembly (45ms)
			ExecutionOrderSort (0ms)
			DisableScriptedObjects (0ms)
			BackupInstance (0ms)
			ReleaseScriptingObjects (0ms)
			CreateAndSetChildDomain (1ms)
		EndReloadAssembly (478ms)
			LoadAssemblies (44ms)
			RebuildTransferFunctionScriptingTraits (0ms)
			SetupTypeCache (185ms)
			ReleaseScriptCaches (0ms)
			RebuildScriptCaches (35ms)
			SetupLoadedEditorAssemblies (217ms)
				LogAssemblyErrors (0ms)
				InitializePlatformSupportModulesInManaged (5ms)
				SetLoadedEditorAssemblies (0ms)
				RefreshPlugins (77ms)
				BeforeProcessingInitializeOnLoad (1ms)
				ProcessInitializeOnLoadAttributes (105ms)
				ProcessInitializeOnLoadMethodAttributes (29ms)
				AfterProcessingInitializeOnLoad (0ms)
				EditorAssembliesLoaded (0ms)
			ExecutionOrderSort2 (0ms)
			AwakeInstancesAfterBackupRestoration (0ms)
Platform modules already initialized, skipping
Registering precompiled user dll's ...
Registered in 0.002245 seconds.
Begin MonoManager ReloadAssembly
Symbol file LoadedFromMemory doesn't match image /Users/ando/work/Unity/unity-training/UnityChan3DSample/Library/PackageCache/com.unity.visualscripting@1.6.1/Editor/VisualScripting.Core/Dependencies/YamlDotNet/Unity.VisualScripting.YamlDotNet.dll
Symbol file LoadedFromMemory doesn't match image /Users/ando/work/Unity/unity-training/UnityChan3DSample/Library/PackageCache/com.unity.visualscripting@1.6.1/Editor/VisualScripting.Core/Dependencies/DotNetZip/Unity.VisualScripting.IonicZip.dll
Native extension for OSXStandalone target not found
Refreshing native plugins compatible for Editor in 0.60 ms, found 2 plugins.
Preloading 0 native plugins for Editor in 0.00 ms.
Mono: successfully reloaded assembly
- Completed reload, in  1.193 seconds
Domain Reload Profiling:
	ReloadAssembly (1194ms)
		BeginReloadAssembly (162ms)
			ExecutionOrderSort (0ms)
			DisableScriptedObjects (5ms)
			BackupInstance (0ms)
			ReleaseScriptingObjects (0ms)
			CreateAndSetChildDomain (33ms)
		EndReloadAssembly (970ms)
			LoadAssemblies (76ms)
			RebuildTransferFunctionScriptingTraits (0ms)
			SetupTypeCache (377ms)
			ReleaseScriptCaches (0ms)
			RebuildScriptCaches (54ms)
			SetupLoadedEditorAssemblies (364ms)
				LogAssemblyErrors (0ms)
				InitializePlatformSupportModulesInManaged (4ms)
				SetLoadedEditorAssemblies (0ms)
				RefreshPlugins (1ms)
				BeforeProcessingInitializeOnLoad (61ms)
				ProcessInitializeOnLoadAttributes (291ms)
				ProcessInitializeOnLoadMethodAttributes (5ms)
				AfterProcessingInitializeOnLoad (2ms)
				EditorAssembliesLoaded (0ms)
			ExecutionOrderSort2 (0ms)
			AwakeInstancesAfterBackupRestoration (7ms)
Platform modules already initialized, skipping
========================================================================
Worker process is ready to serve import requests
Launching external process: /Applications/Unity/Hub/Editor/2021.1.16f1/Unity.app/Contents/Tools/UnityShaderCompiler
Launched and connected shader compiler UnityShaderCompiler after 0.01 seconds
Refreshing native plugins compatible for Editor in 0.61 ms, found 2 plugins.
Preloading 0 native plugins for Editor in 0.00 ms.
Unloading 3113 Unused Serialized files (Serialized files now loaded: 0)
System memory in use before: 235.6 MB.
System memory in use after: 235.8 MB.

Unloading 35 unused Assets to reduce memory usage. Loaded Objects now: 3548.
Total: 3.223046 ms (FindLiveObjects: 0.196471 ms CreateObjectMapping: 0.114684 ms MarkObjects: 2.849064 ms  DeleteObjects: 0.062027 ms)

AssetImportParameters requested are different than current active one (requested -> active):
  custom:video-decoder-ogg-theora: a1e56fd34408186e4bbccfd4996cb3dc -> 
  custom:container-muxer-webm: aa71ff27fc2769a1b78a27578f13a17b -> 
  custom:container-demuxer-webm: 4f35f7cbe854078d1ac9338744f61a02 -> 
  custom:container-demuxer-ogg: 62fdf1f143b41e24485cea50d1cbac27 -> 
  custom:video-encoder-webm-vp8: eb34c28f22e8b96e1ab97ce403110664 -> 
  custom:framework-osx-AVFoundation: e770b220cccbd017edd2c1fefb359320 -> 
  custom:video-decoder-webm-vp8: 9c59270c3fd7afecdb556c50c9e8de78 -> 
  custom:audio-decoder-ogg-vorbis: bf7c407c2cedff20999df2af8eb42d56 -> 
  custom:audio-encoder-webm-vorbis: bf7c407c2cedff20999df2af8eb42d56 -> 
========================================================================
Received Import Request.
  path: Assets/Item.prefab
  artifactKey: Guid(65abad1b0bb624e9f8a3d64acc3a6bf4) Importer(815301076,1909f56bfc062723c751e8b465ee728b)
Start importing Assets/Item.prefab using Guid(65abad1b0bb624e9f8a3d64acc3a6bf4) Importer(815301076,1909f56bfc062723c751e8b465ee728b)  -> (artifact id: '622d22cd58d9d329e64f343837bef679') in 0.789016 seconds 
========================================================================
Received Import Request.
  Time since last request: 6.477217 seconds.
  path: Assets/Item.prefab
  artifactKey: Guid(65abad1b0bb624e9f8a3d64acc3a6bf4) Importer(815301076,1909f56bfc062723c751e8b465ee728b)
Start importing Assets/Item.prefab using Guid(65abad1b0bb624e9f8a3d64acc3a6bf4) Importer(815301076,1909f56bfc062723c751e8b465ee728b)  -> (artifact id: '1b76aea046b49d65f5ee3cb8fdc1c5f8') in 0.018863 seconds 
========================================================================
Received Import Request.
  Time since last request: 179.545885 seconds.
  path: Assets/Item.prefab
  artifactKey: Guid(65abad1b0bb624e9f8a3d64acc3a6bf4) Importer(815301076,1909f56bfc062723c751e8b465ee728b)
Start importing Assets/Item.prefab using Guid(65abad1b0bb624e9f8a3d64acc3a6bf4) Importer(815301076,1909f56bfc062723c751e8b465ee728b)  -> (artifact id: '2f6663895ab60140e28291e5a77a6599') in 0.011951 seconds 
========================================================================
Received Import Request.
  Time since last request: 345.239448 seconds.
  path: Assets/Item.cs
  artifactKey: Guid(0299693c7b47c4c6e94bee4f09059cd9) Importer(815301076,1909f56bfc062723c751e8b465ee728b)
Start importing Assets/Item.cs using Guid(0299693c7b47c4c6e94bee4f09059cd9) Importer(815301076,1909f56bfc062723c751e8b465ee728b)  -> (artifact id: '016c86a110bff42d4222a93efb9f7522') in 0.260358 seconds 
========================================================================
Received Prepare
Registering precompiled user dll's ...
Registered in 0.002527 seconds.
Begin MonoManager ReloadAssembly
Symbol file LoadedFromMemory doesn't match image /Users/ando/work/Unity/unity-training/UnityChan3DSample/Library/PackageCache/com.unity.visualscripting@1.6.1/Editor/VisualScripting.Core/Dependencies/YamlDotNet/Unity.VisualScripting.YamlDotNet.dll
Symbol file LoadedFromMemory doesn't match image /Users/ando/work/Unity/unity-training/UnityChan3DSample/Library/PackageCache/com.unity.visualscripting@1.6.1/Editor/VisualScripting.Core/Dependencies/DotNetZip/Unity.VisualScripting.IonicZip.dll
Native extension for OSXStandalone target not found
Refreshing native plugins compatible for Editor in 0.60 ms, found 2 plugins.
Preloading 0 native plugins for Editor in 0.00 ms.
Mono: successfully reloaded assembly
- Completed reload, in  1.205 seconds
Domain Reload Profiling:
	ReloadAssembly (1205ms)
		BeginReloadAssembly (158ms)
			ExecutionOrderSort (0ms)
			DisableScriptedObjects (5ms)
			BackupInstance (0ms)
			ReleaseScriptingObjects (0ms)
			CreateAndSetChildDomain (88ms)
		EndReloadAssembly (980ms)
			LoadAssemblies (84ms)
			RebuildTransferFunctionScriptingTraits (0ms)
			SetupTypeCache (405ms)
			ReleaseScriptCaches (1ms)
			RebuildScriptCaches (54ms)
			SetupLoadedEditorAssemblies (332ms)
				LogAssemblyErrors (0ms)
				InitializePlatformSupportModulesInManaged (5ms)
				SetLoadedEditorAssemblies (0ms)
				RefreshPlugins (1ms)
				BeforeProcessingInitializeOnLoad (43ms)
				ProcessInitializeOnLoadAttributes (277ms)
				ProcessInitializeOnLoadMethodAttributes (4ms)
				AfterProcessingInitializeOnLoad (1ms)
				EditorAssembliesLoaded (0ms)
			ExecutionOrderSort2 (0ms)
			AwakeInstancesAfterBackupRestoration (6ms)
Platform modules already initialized, skipping
Refreshing native plugins compatible for Editor in 0.60 ms, found 2 plugins.
Preloading 0 native plugins for Editor in 0.00 ms.
Unloading 3098 Unused Serialized files (Serialized files now loaded: 0)
System memory in use before: 247.3 MB.
System memory in use after: 247.5 MB.

Unloading 30 unused Assets to reduce memory usage. Loaded Objects now: 3558.
Total: 2.982135 ms (FindLiveObjects: 0.214647 ms CreateObjectMapping: 0.157787 ms MarkObjects: 2.595272 ms  DeleteObjects: 0.013589 ms)

AssetImportParameters requested are different than current active one (requested -> active):
  custom:video-decoder-ogg-theora: a1e56fd34408186e4bbccfd4996cb3dc -> 
  custom:container-muxer-webm: aa71ff27fc2769a1b78a27578f13a17b -> 
  custom:container-demuxer-webm: 4f35f7cbe854078d1ac9338744f61a02 -> 
  custom:container-demuxer-ogg: 62fdf1f143b41e24485cea50d1cbac27 -> 
  custom:video-encoder-webm-vp8: eb34c28f22e8b96e1ab97ce403110664 -> 
  custom:framework-osx-AVFoundation: e770b220cccbd017edd2c1fefb359320 -> 
  custom:video-decoder-webm-vp8: 9c59270c3fd7afecdb556c50c9e8de78 -> 
  custom:audio-decoder-ogg-vorbis: bf7c407c2cedff20999df2af8eb42d56 -> 
  custom:audio-encoder-webm-vorbis: bf7c407c2cedff20999df2af8eb42d56 -> 
========================================================================
Received Prepare
Registering precompiled user dll's ...
Registered in 0.002628 seconds.
Begin MonoManager ReloadAssembly
Symbol file LoadedFromMemory doesn't match image /Users/ando/work/Unity/unity-training/UnityChan3DSample/Library/PackageCache/com.unity.visualscripting@1.6.1/Editor/VisualScripting.Core/Dependencies/YamlDotNet/Unity.VisualScripting.YamlDotNet.dll
Symbol file LoadedFromMemory doesn't match image /Users/ando/work/Unity/unity-training/UnityChan3DSample/Library/PackageCache/com.unity.visualscripting@1.6.1/Editor/VisualScripting.Core/Dependencies/DotNetZip/Unity.VisualScripting.IonicZip.dll
Native extension for OSXStandalone target not found
Refreshing native plugins compatible for Editor in 0.60 ms, found 2 plugins.
Preloading 0 native plugins for Editor in 0.00 ms.
Mono: successfully reloaded assembly
- Completed reload, in  1.121 seconds
Domain Reload Profiling:
	ReloadAssembly (1121ms)
		BeginReloadAssembly (119ms)
			ExecutionOrderSort (0ms)
			DisableScriptedObjects (5ms)
			BackupInstance (0ms)
			ReleaseScriptingObjects (0ms)
			CreateAndSetChildDomain (62ms)
		EndReloadAssembly (940ms)
			LoadAssemblies (65ms)
			RebuildTransferFunctionScriptingTraits (0ms)
			SetupTypeCache (381ms)
			ReleaseScriptCaches (1ms)
			RebuildScriptCaches (48ms)
			SetupLoadedEditorAssemblies (335ms)
				LogAssemblyErrors (0ms)
				InitializePlatformSupportModulesInManaged (4ms)
				SetLoadedEditorAssemblies (0ms)
				RefreshPlugins (1ms)
				BeforeProcessingInitializeOnLoad (45ms)
				ProcessInitializeOnLoadAttributes (280ms)
				ProcessInitializeOnLoadMethodAttributes (4ms)
				AfterProcessingInitializeOnLoad (1ms)
				EditorAssembliesLoaded (0ms)
			ExecutionOrderSort2 (0ms)
			AwakeInstancesAfterBackupRestoration (7ms)
Platform modules already initialized, skipping
Refreshing native plugins compatible for Editor in 0.60 ms, found 2 plugins.
Preloading 0 native plugins for Editor in 0.00 ms.
Unloading 3098 Unused Serialized files (Serialized files now loaded: 0)
System memory in use before: 247.6 MB.
System memory in use after: 247.8 MB.

Unloading 30 unused Assets to reduce memory usage. Loaded Objects now: 3560.
Total: 3.090167 ms (FindLiveObjects: 0.188000 ms CreateObjectMapping: 0.107855 ms MarkObjects: 2.779068 ms  DeleteObjects: 0.014513 ms)

AssetImportParameters requested are different than current active one (requested -> active):
  custom:video-decoder-ogg-theora: a1e56fd34408186e4bbccfd4996cb3dc -> 
  custom:container-muxer-webm: aa71ff27fc2769a1b78a27578f13a17b -> 
  custom:container-demuxer-webm: 4f35f7cbe854078d1ac9338744f61a02 -> 
  custom:container-demuxer-ogg: 62fdf1f143b41e24485cea50d1cbac27 -> 
  custom:video-encoder-webm-vp8: eb34c28f22e8b96e1ab97ce403110664 -> 
  custom:framework-osx-AVFoundation: e770b220cccbd017edd2c1fefb359320 -> 
  custom:video-decoder-webm-vp8: 9c59270c3fd7afecdb556c50c9e8de78 -> 
  custom:audio-decoder-ogg-vorbis: bf7c407c2cedff20999df2af8eb42d56 -> 
  custom:audio-encoder-webm-vorbis: bf7c407c2cedff20999df2af8eb42d56 -> 
========================================================================
Received Import Request.
  Time since last request: 150.147382 seconds.
  path: Assets/Item.cs
  artifactKey: Guid(0299693c7b47c4c6e94bee4f09059cd9) Importer(815301076,1909f56bfc062723c751e8b465ee728b)
Start importing Assets/Item.cs using Guid(0299693c7b47c4c6e94bee4f09059cd9) Importer(815301076,1909f56bfc062723c751e8b465ee728b)  -> (artifact id: '9829d0e692c4aba06f7cbda63f6f09e8') in 0.005580 seconds 
========================================================================
Received Import Request.
  Time since last request: 54.250634 seconds.
  path: Assets/Item.prefab
  artifactKey: Guid(65abad1b0bb624e9f8a3d64acc3a6bf4) Importer(815301076,1909f56bfc062723c751e8b465ee728b)
Start importing Assets/Item.prefab using Guid(65abad1b0bb624e9f8a3d64acc3a6bf4) Importer(815301076,1909f56bfc062723c751e8b465ee728b)  -> (artifact id: '4d0177db5b4a8ed37838f9311d81545e') in 0.064087 seconds 
========================================================================
Received Import Request.
  Time since last request: 49.304274 seconds.
  path: Assets/Item.prefab
  artifactKey: Guid(65abad1b0bb624e9f8a3d64acc3a6bf4) Importer(815301076,1909f56bfc062723c751e8b465ee728b)
Start importing Assets/Item.prefab using Guid(65abad1b0bb624e9f8a3d64acc3a6bf4) Importer(815301076,1909f56bfc062723c751e8b465ee728b)  -> (artifact id: '33ed576fc4c59a905b5812f28b4cd499') in 0.012804 seconds 
========================================================================
Received Import Request.
  Time since last request: 22.911254 seconds.
  path: Assets/Item.prefab
  artifactKey: Guid(65abad1b0bb624e9f8a3d64acc3a6bf4) Importer(815301076,1909f56bfc062723c751e8b465ee728b)
Start importing Assets/Item.prefab using Guid(65abad1b0bb624e9f8a3d64acc3a6bf4) Importer(815301076,1909f56bfc062723c751e8b465ee728b)  -> (artifact id: '6227165958211cde33aecd82ebc6614f') in 0.012951 seconds 
========================================================================
Received Import Request.
  Time since last request: 1.398425 seconds.
  path: Assets/Item.prefab
  artifactKey: Guid(65abad1b0bb624e9f8a3d64acc3a6bf4) Importer(815301076,1909f56bfc062723c751e8b465ee728b)
Start importing Assets/Item.prefab using Guid(65abad1b0bb624e9f8a3d64acc3a6bf4) Importer(815301076,1909f56bfc062723c751e8b465ee728b)  -> (artifact id: '311219a05a70a8d4b9e70b85f7f080f9') in 0.011715 seconds 
========================================================================
Received Import Request.
  Time since last request: 6.445829 seconds.
  path: Assets/Item.prefab
  artifactKey: Guid(65abad1b0bb624e9f8a3d64acc3a6bf4) Importer(815301076,1909f56bfc062723c751e8b465ee728b)
Start importing Assets/Item.prefab using Guid(65abad1b0bb624e9f8a3d64acc3a6bf4) Importer(815301076,1909f56bfc062723c751e8b465ee728b)  -> (artifact id: 'a6d055e2bad2b58a801a772d98e16b5a') in 0.011313 seconds 
========================================================================
Received Import Request.
  Time since last request: 28.839305 seconds.
  path: Assets/Item.prefab
  artifactKey: Guid(65abad1b0bb624e9f8a3d64acc3a6bf4) Importer(815301076,1909f56bfc062723c751e8b465ee728b)
Start importing Assets/Item.prefab using Guid(65abad1b0bb624e9f8a3d64acc3a6bf4) Importer(815301076,1909f56bfc062723c751e8b465ee728b)  -> (artifact id: 'c3f3adf51c7d24dcf42af09810914210') in 0.020109 seconds 
========================================================================
Received Import Request.
  Time since last request: 7.048189 seconds.
  path: Assets/Item.prefab
  artifactKey: Guid(65abad1b0bb624e9f8a3d64acc3a6bf4) Importer(815301076,1909f56bfc062723c751e8b465ee728b)
Start importing Assets/Item.prefab using Guid(65abad1b0bb624e9f8a3d64acc3a6bf4) Importer(815301076,1909f56bfc062723c751e8b465ee728b)  -> (artifact id: '7062e9939c88158bdfc652f362d4214b') in 0.013430 seconds 
========================================================================
Received Import Request.
  Time since last request: 4.637151 seconds.
  path: Assets/Item.prefab
  artifactKey: Guid(65abad1b0bb624e9f8a3d64acc3a6bf4) Importer(815301076,1909f56bfc062723c751e8b465ee728b)
Start importing Assets/Item.prefab using Guid(65abad1b0bb624e9f8a3d64acc3a6bf4) Importer(815301076,1909f56bfc062723c751e8b465ee728b)  -> (artifact id: '018538af2ed0bcc26c4ee6ca34b95d97') in 0.013149 seconds 
========================================================================
Received Import Request.
  Time since last request: 2.808062 seconds.
  path: Assets/Item.prefab
  artifactKey: Guid(65abad1b0bb624e9f8a3d64acc3a6bf4) Importer(815301076,1909f56bfc062723c751e8b465ee728b)
Start importing Assets/Item.prefab using Guid(65abad1b0bb624e9f8a3d64acc3a6bf4) Importer(815301076,1909f56bfc062723c751e8b465ee728b)  -> (artifact id: 'bf4b541da540cf6bfa53643737d1dca5') in 0.012999 seconds 
========================================================================
Received Import Request.
  Time since last request: 4.632163 seconds.
  path: Assets/Item.prefab
  artifactKey: Guid(65abad1b0bb624e9f8a3d64acc3a6bf4) Importer(815301076,1909f56bfc062723c751e8b465ee728b)
Start importing Assets/Item.prefab using Guid(65abad1b0bb624e9f8a3d64acc3a6bf4) Importer(815301076,1909f56bfc062723c751e8b465ee728b)  -> (artifact id: 'fe26ba78b140c4b194b619779bf4cf37') in 0.012866 seconds 
========================================================================
Received Import Request.
  Time since last request: 7.053029 seconds.
  path: Assets/Item.prefab
  artifactKey: Guid(65abad1b0bb624e9f8a3d64acc3a6bf4) Importer(815301076,1909f56bfc062723c751e8b465ee728b)
Start importing Assets/Item.prefab using Guid(65abad1b0bb624e9f8a3d64acc3a6bf4) Importer(815301076,1909f56bfc062723c751e8b465ee728b)  -> (artifact id: 'd5b6da3dc3fbde3b6a164f4eb248d078') in 0.013282 seconds 
========================================================================
Received Import Request.
  Time since last request: 114.826632 seconds.
  path: Assets/Player.cs
  artifactKey: Guid(605d0838877c843d2ad808720bfad7ea) Importer(815301076,1909f56bfc062723c751e8b465ee728b)
Start importing Assets/Player.cs using Guid(605d0838877c843d2ad808720bfad7ea) Importer(815301076,1909f56bfc062723c751e8b465ee728b)  -> (artifact id: '26438d81afbbaad20c27073166c5b34a') in 0.003053 seconds 
========================================================================
Received Prepare
Registering precompiled user dll's ...
Registered in 0.002013 seconds.
Begin MonoManager ReloadAssembly
Symbol file LoadedFromMemory doesn't match image /Users/ando/work/Unity/unity-training/UnityChan3DSample/Library/PackageCache/com.unity.visualscripting@1.6.1/Editor/VisualScripting.Core/Dependencies/YamlDotNet/Unity.VisualScripting.YamlDotNet.dll
Symbol file LoadedFromMemory doesn't match image /Users/ando/work/Unity/unity-training/UnityChan3DSample/Library/PackageCache/com.unity.visualscripting@1.6.1/Editor/VisualScripting.Core/Dependencies/DotNetZip/Unity.VisualScripting.IonicZip.dll
Native extension for OSXStandalone target not found
Refreshing native plugins compatible for Editor in 0.61 ms, found 2 plugins.
Preloading 0 native plugins for Editor in 0.00 ms.
Mono: successfully reloaded assembly
- Completed reload, in  1.148 seconds
Domain Reload Profiling:
	ReloadAssembly (1149ms)
		BeginReloadAssembly (134ms)
			ExecutionOrderSort (0ms)
			DisableScriptedObjects (4ms)
			BackupInstance (0ms)
			ReleaseScriptingObjects (0ms)
			CreateAndSetChildDomain (68ms)
		EndReloadAssembly (954ms)
			LoadAssemblies (68ms)
			RebuildTransferFunctionScriptingTraits (0ms)
			SetupTypeCache (403ms)
			ReleaseScriptCaches (1ms)
			RebuildScriptCaches (46ms)
			SetupLoadedEditorAssemblies (331ms)
				LogAssemblyErrors (0ms)
				InitializePlatformSupportModulesInManaged (4ms)
				SetLoadedEditorAssemblies (0ms)
				RefreshPlugins (1ms)
				BeforeProcessingInitializeOnLoad (43ms)
				ProcessInitializeOnLoadAttributes (277ms)
				ProcessInitializeOnLoadMethodAttributes (4ms)
				AfterProcessingInitializeOnLoad (1ms)
				EditorAssembliesLoaded (0ms)
			ExecutionOrderSort2 (0ms)
			AwakeInstancesAfterBackupRestoration (7ms)
Platform modules already initialized, skipping
Refreshing native plugins compatible for Editor in 0.66 ms, found 2 plugins.
Preloading 0 native plugins for Editor in 0.00 ms.
Unloading 3098 Unused Serialized files (Serialized files now loaded: 0)
System memory in use before: 248.1 MB.
System memory in use after: 248.4 MB.

Unloading 30 unused Assets to reduce memory usage. Loaded Objects now: 3563.
Total: 3.242985 ms (FindLiveObjects: 0.235364 ms CreateObjectMapping: 0.125714 ms MarkObjects: 2.862747 ms  DeleteObjects: 0.018396 ms)

AssetImportParameters requested are different than current active one (requested -> active):
  custom:video-decoder-ogg-theora: a1e56fd34408186e4bbccfd4996cb3dc -> 
  custom:container-muxer-webm: aa71ff27fc2769a1b78a27578f13a17b -> 
  custom:container-demuxer-webm: 4f35f7cbe854078d1ac9338744f61a02 -> 
  custom:container-demuxer-ogg: 62fdf1f143b41e24485cea50d1cbac27 -> 
  custom:video-encoder-webm-vp8: eb34c28f22e8b96e1ab97ce403110664 -> 
  custom:framework-osx-AVFoundation: e770b220cccbd017edd2c1fefb359320 -> 
  custom:video-decoder-webm-vp8: 9c59270c3fd7afecdb556c50c9e8de78 -> 
  custom:audio-decoder-ogg-vorbis: bf7c407c2cedff20999df2af8eb42d56 -> 
  custom:audio-encoder-webm-vorbis: bf7c407c2cedff20999df2af8eb42d56 -> 
========================================================================
Received Import Request.
  Time since last request: 21.784717 seconds.
  path: Assets/Player.cs
  artifactKey: Guid(605d0838877c843d2ad808720bfad7ea) Importer(815301076,1909f56bfc062723c751e8b465ee728b)
Start importing Assets/Player.cs using Guid(605d0838877c843d2ad808720bfad7ea) Importer(815301076,1909f56bfc062723c751e8b465ee728b)  -> (artifact id: '937520f9ac70024aae9a631baf306005') in 0.005654 seconds 
