Using pre-set license
Pro License: NO

 COMMAND LINE ARGUMENTS:
/Applications/Unity/Hub/Editor/2021.1.16f1/Unity.app/Contents/MacOS/Unity
-adb2
-batchMode
-noUpm
-name
AssetImportWorker0
-projectPath
/Users/ando/work/Unity/unity-training/UnityChan3DSample
-logFile
Logs/AssetImportWorker0.log
-srvPort
51507
Successfully changed project path to: /Users/ando/work/Unity/unity-training/UnityChan3DSample
/Users/ando/work/Unity/unity-training/UnityChan3DSample
Using Asset Import Pipeline V2.
Refreshing native plugins compatible for Editor in 80.21 ms, found 2 plugins.
Preloading 0 native plugins for Editor in 0.00 ms.
Initialize engine version: 2021.1.16f1 (5fa502fca597)
[Subsystems] Discovering subsystems at path /Applications/Unity/Hub/Editor/2021.1.16f1/Unity.app/Contents/Resources/UnitySubsystems
[Subsystems] Discovering subsystems at path /Users/ando/work/Unity/unity-training/UnityChan3DSample/Assets
GfxDevice: creating device client; threaded=0; jobified=0
2022-01-21 00:05:37.134 Unity[6305:203447] Color LCD preferred device: Intel(R) UHD Graphics 630 (low power)
2022-01-21 00:05:37.134 Unity[6305:203447] Metal devices available: 2
2022-01-21 00:05:37.134 Unity[6305:203447] 0: AMD Radeon Pro 5500M (high power)
2022-01-21 00:05:37.134 Unity[6305:203447] 1: Intel(R) UHD Graphics 630 (low power)
2022-01-21 00:05:37.134 Unity[6305:203447] Using device AMD Radeon Pro 5500M (high power)
Initializing Metal device caps: AMD Radeon Pro 5500M
Initialize mono
Mono path[0] = '/Applications/Unity/Hub/Editor/2021.1.16f1/Unity.app/Contents/Managed'
Mono path[1] = '/Applications/Unity/Hub/Editor/2021.1.16f1/Unity.app/Contents/MonoBleedingEdge/lib/mono/unityjit'
Mono config path = '/Applications/Unity/Hub/Editor/2021.1.16f1/Unity.app/Contents/MonoBleedingEdge/etc'
Using monoOptions --debugger-agent=transport=dt_socket,embedding=1,server=y,suspend=n,address=127.0.0.1:56305
Begin MonoManager ReloadAssembly
Registering precompiled unity dll's ...
Register platform support module: /Applications/Unity/Hub/Editor/2021.1.16f1/Unity.app/Contents/PlaybackEngines/MacStandaloneSupport/UnityEditor.OSXStandalone.Extensions.dll
Registered in 0.000464 seconds.
Native extension for OSXStandalone target not found
Refreshing native plugins compatible for Editor in 76.07 ms, found 2 plugins.
Preloading 0 native plugins for Editor in 0.00 ms.
Mono: successfully reloaded assembly
- Completed reload, in  2.858 seconds
Domain Reload Profiling:
	ReloadAssembly (2858ms)
		BeginReloadAssembly (44ms)
			ExecutionOrderSort (0ms)
			DisableScriptedObjects (0ms)
			BackupInstance (0ms)
			ReleaseScriptingObjects (0ms)
			CreateAndSetChildDomain (1ms)
		EndReloadAssembly (487ms)
			LoadAssemblies (43ms)
			RebuildTransferFunctionScriptingTraits (0ms)
			SetupTypeCache (185ms)
			ReleaseScriptCaches (0ms)
			RebuildScriptCaches (35ms)
			SetupLoadedEditorAssemblies (227ms)
				LogAssemblyErrors (0ms)
				InitializePlatformSupportModulesInManaged (6ms)
				SetLoadedEditorAssemblies (0ms)
				RefreshPlugins (76ms)
				BeforeProcessingInitializeOnLoad (1ms)
				ProcessInitializeOnLoadAttributes (113ms)
				ProcessInitializeOnLoadMethodAttributes (31ms)
				AfterProcessingInitializeOnLoad (0ms)
				EditorAssembliesLoaded (0ms)
			ExecutionOrderSort2 (0ms)
			AwakeInstancesAfterBackupRestoration (0ms)
Platform modules already initialized, skipping
Registering precompiled user dll's ...
Registered in 0.002351 seconds.
Begin MonoManager ReloadAssembly
Symbol file LoadedFromMemory doesn't match image /Users/ando/work/Unity/unity-training/UnityChan3DSample/Library/PackageCache/com.unity.visualscripting@1.6.1/Editor/VisualScripting.Core/Dependencies/YamlDotNet/Unity.VisualScripting.YamlDotNet.dll
Symbol file LoadedFromMemory doesn't match image /Users/ando/work/Unity/unity-training/UnityChan3DSample/Library/PackageCache/com.unity.visualscripting@1.6.1/Editor/VisualScripting.Core/Dependencies/DotNetZip/Unity.VisualScripting.IonicZip.dll
Native extension for OSXStandalone target not found
Refreshing native plugins compatible for Editor in 0.57 ms, found 2 plugins.
Preloading 0 native plugins for Editor in 0.00 ms.
Mono: successfully reloaded assembly
- Completed reload, in  1.254 seconds
Domain Reload Profiling:
	ReloadAssembly (1255ms)
		BeginReloadAssembly (170ms)
			ExecutionOrderSort (0ms)
			DisableScriptedObjects (5ms)
			BackupInstance (0ms)
			ReleaseScriptingObjects (0ms)
			CreateAndSetChildDomain (37ms)
		EndReloadAssembly (1024ms)
			LoadAssemblies (77ms)
			RebuildTransferFunctionScriptingTraits (0ms)
			SetupTypeCache (431ms)
			ReleaseScriptCaches (0ms)
			RebuildScriptCaches (53ms)
			SetupLoadedEditorAssemblies (364ms)
				LogAssemblyErrors (0ms)
				InitializePlatformSupportModulesInManaged (4ms)
				SetLoadedEditorAssemblies (0ms)
				RefreshPlugins (1ms)
				BeforeProcessingInitializeOnLoad (59ms)
				ProcessInitializeOnLoadAttributes (293ms)
				ProcessInitializeOnLoadMethodAttributes (5ms)
				AfterProcessingInitializeOnLoad (2ms)
				EditorAssembliesLoaded (0ms)
			ExecutionOrderSort2 (0ms)
			AwakeInstancesAfterBackupRestoration (7ms)
Platform modules already initialized, skipping
========================================================================
Worker process is ready to serve import requests
Launching external process: /Applications/Unity/Hub/Editor/2021.1.16f1/Unity.app/Contents/Tools/UnityShaderCompiler
Launched and connected shader compiler UnityShaderCompiler after 0.01 seconds
Refreshing native plugins compatible for Editor in 0.80 ms, found 2 plugins.
Preloading 0 native plugins for Editor in 0.00 ms.
Unloading 3053 Unused Serialized files (Serialized files now loaded: 0)
System memory in use before: 224.8 MB.
System memory in use after: 225.0 MB.

Unloading 35 unused Assets to reduce memory usage. Loaded Objects now: 3484.
Total: 3.167530 ms (FindLiveObjects: 0.203824 ms CreateObjectMapping: 0.118492 ms MarkObjects: 2.793319 ms  DeleteObjects: 0.051065 ms)

AssetImportParameters requested are different than current active one (requested -> active):
  custom:video-decoder-ogg-theora: a1e56fd34408186e4bbccfd4996cb3dc -> 
  custom:container-muxer-webm: aa71ff27fc2769a1b78a27578f13a17b -> 
  custom:container-demuxer-webm: 4f35f7cbe854078d1ac9338744f61a02 -> 
  custom:container-demuxer-ogg: 62fdf1f143b41e24485cea50d1cbac27 -> 
  custom:video-encoder-webm-vp8: eb34c28f22e8b96e1ab97ce403110664 -> 
  custom:framework-osx-AVFoundation: e770b220cccbd017edd2c1fefb359320 -> 
  custom:video-decoder-webm-vp8: 9c59270c3fd7afecdb556c50c9e8de78 -> 
  custom:audio-decoder-ogg-vorbis: bf7c407c2cedff20999df2af8eb42d56 -> 
  custom:audio-encoder-webm-vorbis: bf7c407c2cedff20999df2af8eb42d56 -> 
========================================================================
Received Import Request.
  path: Assets/Scenes/GameScene.unity
  artifactKey: Guid(bdb81569a31d141f3858464546c093e9) Importer(815301076,1909f56bfc062723c751e8b465ee728b)
Start importing Assets/Scenes/GameScene.unity using Guid(bdb81569a31d141f3858464546c093e9) Importer(815301076,1909f56bfc062723c751e8b465ee728b)  -> (artifact id: 'f1b603ab46c8fa6217e81f34d79132dc') in 0.010347 seconds 
========================================================================
Received Import Request.
  Time since last request: 0.000182 seconds.
  path: Assets/Scenes
  artifactKey: Guid(f7b66c42ee145314083f073e99178630) Importer(815301076,1909f56bfc062723c751e8b465ee728b)
Start importing Assets/Scenes using Guid(f7b66c42ee145314083f073e99178630) Importer(815301076,1909f56bfc062723c751e8b465ee728b)  -> (artifact id: '4bf9865a42ac04deb6d7662984a29e29') in 0.000714 seconds 
========================================================================
Received Import Request.
  Time since last request: 419.376163 seconds.
  path: Assets/StageMaterial.mat
  artifactKey: Guid(014aaf08e338d4b0e9994d67accd263d) Importer(815301076,1909f56bfc062723c751e8b465ee728b)
Start importing Assets/StageMaterial.mat using Guid(014aaf08e338d4b0e9994d67accd263d) Importer(815301076,1909f56bfc062723c751e8b465ee728b)  -> (artifact id: 'fc25f33ecdc59bf187413e1966da0fd1') in 0.889330 seconds 
========================================================================
Received Import Request.
  Time since last request: 331.027006 seconds.
  path: Assets/StageMaterial.mat
  artifactKey: Guid(014aaf08e338d4b0e9994d67accd263d) Importer(815301076,1909f56bfc062723c751e8b465ee728b)
Start importing Assets/StageMaterial.mat using Guid(014aaf08e338d4b0e9994d67accd263d) Importer(815301076,1909f56bfc062723c751e8b465ee728b)  -> (artifact id: 'ec14de96a277517f4c489d8a01876899') in 0.019092 seconds 
========================================================================
Received Prepare
Registering precompiled user dll's ...
Registered in 0.002199 seconds.
Begin MonoManager ReloadAssembly
Symbol file LoadedFromMemory doesn't match image /Users/ando/work/Unity/unity-training/UnityChan3DSample/Library/PackageCache/com.unity.visualscripting@1.6.1/Editor/VisualScripting.Core/Dependencies/YamlDotNet/Unity.VisualScripting.YamlDotNet.dll
Symbol file LoadedFromMemory doesn't match image /Users/ando/work/Unity/unity-training/UnityChan3DSample/Library/PackageCache/com.unity.visualscripting@1.6.1/Editor/VisualScripting.Core/Dependencies/DotNetZip/Unity.VisualScripting.IonicZip.dll
Native extension for OSXStandalone target not found
Refreshing native plugins compatible for Editor in 0.58 ms, found 2 plugins.
Preloading 0 native plugins for Editor in 0.00 ms.
Mono: successfully reloaded assembly
- Completed reload, in  1.097 seconds
Domain Reload Profiling:
	ReloadAssembly (1097ms)
		BeginReloadAssembly (130ms)
			ExecutionOrderSort (0ms)
			DisableScriptedObjects (4ms)
			BackupInstance (0ms)
			ReleaseScriptingObjects (0ms)
			CreateAndSetChildDomain (65ms)
		EndReloadAssembly (904ms)
			LoadAssemblies (73ms)
			RebuildTransferFunctionScriptingTraits (0ms)
			SetupTypeCache (359ms)
			ReleaseScriptCaches (1ms)
			RebuildScriptCaches (47ms)
			SetupLoadedEditorAssemblies (322ms)
				LogAssemblyErrors (0ms)
				InitializePlatformSupportModulesInManaged (4ms)
				SetLoadedEditorAssemblies (0ms)
				RefreshPlugins (1ms)
				BeforeProcessingInitializeOnLoad (42ms)
				ProcessInitializeOnLoadAttributes (269ms)
				ProcessInitializeOnLoadMethodAttributes (4ms)
				AfterProcessingInitializeOnLoad (1ms)
				EditorAssembliesLoaded (0ms)
			ExecutionOrderSort2 (0ms)
			AwakeInstancesAfterBackupRestoration (7ms)
Platform modules already initialized, skipping
Refreshing native plugins compatible for Editor in 0.61 ms, found 2 plugins.
Preloading 0 native plugins for Editor in 0.00 ms.
Unloading 3071 Unused Serialized files (Serialized files now loaded: 0)
System memory in use before: 239.2 MB.
System memory in use after: 236.2 MB.

Unloading 40 unused Assets to reduce memory usage. Loaded Objects now: 3541.
Total: 4.697624 ms (FindLiveObjects: 0.220991 ms CreateObjectMapping: 0.119008 ms MarkObjects: 2.817744 ms  DeleteObjects: 1.539077 ms)

AssetImportParameters requested are different than current active one (requested -> active):
  custom:video-decoder-ogg-theora: a1e56fd34408186e4bbccfd4996cb3dc -> 
  custom:container-muxer-webm: aa71ff27fc2769a1b78a27578f13a17b -> 
  custom:container-demuxer-webm: 4f35f7cbe854078d1ac9338744f61a02 -> 
  custom:container-demuxer-ogg: 62fdf1f143b41e24485cea50d1cbac27 -> 
  custom:video-encoder-webm-vp8: eb34c28f22e8b96e1ab97ce403110664 -> 
  custom:framework-osx-AVFoundation: e770b220cccbd017edd2c1fefb359320 -> 
  custom:video-decoder-webm-vp8: 9c59270c3fd7afecdb556c50c9e8de78 -> 
  custom:audio-decoder-ogg-vorbis: bf7c407c2cedff20999df2af8eb42d56 -> 
  custom:audio-encoder-webm-vorbis: bf7c407c2cedff20999df2af8eb42d56 -> 
========================================================================
Received Import Request.
  Time since last request: 572.677017 seconds.
  path: Assets/UnityChanAssets
  artifactKey: Guid(9b2100b555bbd4986abad8ac06f8d3e8) Importer(815301076,1909f56bfc062723c751e8b465ee728b)
Start importing Assets/UnityChanAssets using Guid(9b2100b555bbd4986abad8ac06f8d3e8) Importer(815301076,1909f56bfc062723c751e8b465ee728b)  -> (artifact id: '6fb7ad04a4045156c16975f9bc1748fe') in 0.004905 seconds 
========================================================================
Received Import Request.
  Time since last request: 6.018335 seconds.
  path: Assets/UnityChanAssets/UnityChan
  artifactKey: Guid(3f72a41d7e127994683f585554ac9255) Importer(815301076,1909f56bfc062723c751e8b465ee728b)
Start importing Assets/UnityChanAssets/UnityChan using Guid(3f72a41d7e127994683f585554ac9255) Importer(815301076,1909f56bfc062723c751e8b465ee728b)  -> (artifact id: 'afd863ce8c363f5766aa3708276d938c') in 0.001124 seconds 
========================================================================
Received Import Request.
  Time since last request: 4.109285 seconds.
  path: Assets/UnityChanAssets/UnityChan/SD_unitychan
  artifactKey: Guid(700bc05bc3431044193a348b6838b4a7) Importer(815301076,1909f56bfc062723c751e8b465ee728b)
Start importing Assets/UnityChanAssets/UnityChan/SD_unitychan using Guid(700bc05bc3431044193a348b6838b4a7) Importer(815301076,1909f56bfc062723c751e8b465ee728b)  -> (artifact id: '12b8977e67f596089c6d889627c6170b') in 0.001123 seconds 
========================================================================
Received Import Request.
  Time since last request: 3.758466 seconds.
  path: Assets/UnityChanAssets/UnityChan/SD_unitychan/Prefabs
  artifactKey: Guid(90775f57ce581c94995f66790f9b428f) Importer(815301076,1909f56bfc062723c751e8b465ee728b)
Start importing Assets/UnityChanAssets/UnityChan/SD_unitychan/Prefabs using Guid(90775f57ce581c94995f66790f9b428f) Importer(815301076,1909f56bfc062723c751e8b465ee728b)  -> (artifact id: '31fd58935e22620755e0221a09148aec') in 0.001110 seconds 
========================================================================
Received Import Request.
  Time since last request: 0.065104 seconds.
  path: Assets/UnityChanAssets/UnityChan/SD_unitychan/Prefabs/SD_unitychan_generic.prefab
  artifactKey: Guid(e39dd657be7298d408f1a135c76c3d9a) Importer(815301076,1909f56bfc062723c751e8b465ee728b)
Start importing Assets/UnityChanAssets/UnityChan/SD_unitychan/Prefabs/SD_unitychan_generic.prefab using Guid(e39dd657be7298d408f1a135c76c3d9a) Importer(815301076,1909f56bfc062723c751e8b465ee728b)  -> (artifact id: '6daabd57a6e2cd5c9ff59dffa0d9ed02') in 0.813470 seconds 
========================================================================
Received Import Request.
  Time since last request: 264.381530 seconds.
  path: Assets/Player.cs
  artifactKey: Guid(605d0838877c843d2ad808720bfad7ea) Importer(815301076,1909f56bfc062723c751e8b465ee728b)
Start importing Assets/Player.cs using Guid(605d0838877c843d2ad808720bfad7ea) Importer(815301076,1909f56bfc062723c751e8b465ee728b)  -> (artifact id: '2dedabff60a6f4394182732adc42f80f') in 0.297679 seconds 
========================================================================
Received Prepare
Registering precompiled user dll's ...
Registered in 0.002662 seconds.
Begin MonoManager ReloadAssembly
Symbol file LoadedFromMemory doesn't match image /Users/ando/work/Unity/unity-training/UnityChan3DSample/Library/PackageCache/com.unity.visualscripting@1.6.1/Editor/VisualScripting.Core/Dependencies/YamlDotNet/Unity.VisualScripting.YamlDotNet.dll
Symbol file LoadedFromMemory doesn't match image /Users/ando/work/Unity/unity-training/UnityChan3DSample/Library/PackageCache/com.unity.visualscripting@1.6.1/Editor/VisualScripting.Core/Dependencies/DotNetZip/Unity.VisualScripting.IonicZip.dll
Native extension for OSXStandalone target not found
Refreshing native plugins compatible for Editor in 0.60 ms, found 2 plugins.
Preloading 0 native plugins for Editor in 0.00 ms.
Mono: successfully reloaded assembly
- Completed reload, in  1.790 seconds
Domain Reload Profiling:
	ReloadAssembly (1791ms)
		BeginReloadAssembly (152ms)
			ExecutionOrderSort (0ms)
			DisableScriptedObjects (6ms)
			BackupInstance (0ms)
			ReleaseScriptingObjects (0ms)
			CreateAndSetChildDomain (86ms)
		EndReloadAssembly (1514ms)
			LoadAssemblies (210ms)
			RebuildTransferFunctionScriptingTraits (0ms)
			SetupTypeCache (747ms)
			ReleaseScriptCaches (1ms)
			RebuildScriptCaches (53ms)
			SetupLoadedEditorAssemblies (386ms)
				LogAssemblyErrors (0ms)
				InitializePlatformSupportModulesInManaged (6ms)
				SetLoadedEditorAssemblies (0ms)
				RefreshPlugins (1ms)
				BeforeProcessingInitializeOnLoad (49ms)
				ProcessInitializeOnLoadAttributes (323ms)
				ProcessInitializeOnLoadMethodAttributes (5ms)
				AfterProcessingInitializeOnLoad (1ms)
				EditorAssembliesLoaded (0ms)
			ExecutionOrderSort2 (0ms)
			AwakeInstancesAfterBackupRestoration (7ms)
Platform modules already initialized, skipping
Refreshing native plugins compatible for Editor in 0.59 ms, found 2 plugins.
Preloading 0 native plugins for Editor in 0.00 ms.
Unloading 3071 Unused Serialized files (Serialized files now loaded: 0)
System memory in use before: 262.0 MB.
System memory in use after: 260.5 MB.

Unloading 36 unused Assets to reduce memory usage. Loaded Objects now: 3550.
Total: 3.505975 ms (FindLiveObjects: 0.211699 ms CreateObjectMapping: 0.107545 ms MarkObjects: 2.410353 ms  DeleteObjects: 0.775789 ms)

AssetImportParameters requested are different than current active one (requested -> active):
  custom:video-decoder-ogg-theora: a1e56fd34408186e4bbccfd4996cb3dc -> 
  custom:container-muxer-webm: aa71ff27fc2769a1b78a27578f13a17b -> 
  custom:container-demuxer-webm: 4f35f7cbe854078d1ac9338744f61a02 -> 
  custom:container-demuxer-ogg: 62fdf1f143b41e24485cea50d1cbac27 -> 
  custom:video-encoder-webm-vp8: eb34c28f22e8b96e1ab97ce403110664 -> 
  custom:framework-osx-AVFoundation: e770b220cccbd017edd2c1fefb359320 -> 
  custom:video-decoder-webm-vp8: 9c59270c3fd7afecdb556c50c9e8de78 -> 
  custom:audio-decoder-ogg-vorbis: bf7c407c2cedff20999df2af8eb42d56 -> 
  custom:audio-encoder-webm-vorbis: bf7c407c2cedff20999df2af8eb42d56 -> 
========================================================================
Received Prepare
Registering precompiled user dll's ...
Registered in 0.002378 seconds.
Begin MonoManager ReloadAssembly
Symbol file LoadedFromMemory doesn't match image /Users/ando/work/Unity/unity-training/UnityChan3DSample/Library/PackageCache/com.unity.visualscripting@1.6.1/Editor/VisualScripting.Core/Dependencies/YamlDotNet/Unity.VisualScripting.YamlDotNet.dll
Symbol file LoadedFromMemory doesn't match image /Users/ando/work/Unity/unity-training/UnityChan3DSample/Library/PackageCache/com.unity.visualscripting@1.6.1/Editor/VisualScripting.Core/Dependencies/DotNetZip/Unity.VisualScripting.IonicZip.dll
Native extension for OSXStandalone target not found
Refreshing native plugins compatible for Editor in 0.85 ms, found 2 plugins.
Preloading 0 native plugins for Editor in 0.00 ms.
Mono: successfully reloaded assembly
- Completed reload, in  1.141 seconds
Domain Reload Profiling:
	ReloadAssembly (1141ms)
		BeginReloadAssembly (119ms)
			ExecutionOrderSort (0ms)
			DisableScriptedObjects (5ms)
			BackupInstance (0ms)
			ReleaseScriptingObjects (0ms)
			CreateAndSetChildDomain (61ms)
		EndReloadAssembly (959ms)
			LoadAssemblies (64ms)
			RebuildTransferFunctionScriptingTraits (0ms)
			SetupTypeCache (396ms)
			ReleaseScriptCaches (1ms)
			RebuildScriptCaches (50ms)
			SetupLoadedEditorAssemblies (328ms)
				LogAssemblyErrors (0ms)
				InitializePlatformSupportModulesInManaged (4ms)
				SetLoadedEditorAssemblies (0ms)
				RefreshPlugins (1ms)
				BeforeProcessingInitializeOnLoad (44ms)
				ProcessInitializeOnLoadAttributes (273ms)
				ProcessInitializeOnLoadMethodAttributes (4ms)
				AfterProcessingInitializeOnLoad (1ms)
				EditorAssembliesLoaded (0ms)
			ExecutionOrderSort2 (0ms)
			AwakeInstancesAfterBackupRestoration (6ms)
Platform modules already initialized, skipping
Refreshing native plugins compatible for Editor in 0.54 ms, found 2 plugins.
Preloading 0 native plugins for Editor in 0.00 ms.
Unloading 3067 Unused Serialized files (Serialized files now loaded: 0)
System memory in use before: 261.8 MB.
System memory in use after: 260.2 MB.

Unloading 36 unused Assets to reduce memory usage. Loaded Objects now: 3552.
Total: 3.777685 ms (FindLiveObjects: 0.265400 ms CreateObjectMapping: 0.104411 ms MarkObjects: 2.635186 ms  DeleteObjects: 0.771744 ms)

AssetImportParameters requested are different than current active one (requested -> active):
  custom:video-decoder-ogg-theora: a1e56fd34408186e4bbccfd4996cb3dc -> 
  custom:container-muxer-webm: aa71ff27fc2769a1b78a27578f13a17b -> 
  custom:container-demuxer-webm: 4f35f7cbe854078d1ac9338744f61a02 -> 
  custom:container-demuxer-ogg: 62fdf1f143b41e24485cea50d1cbac27 -> 
  custom:video-encoder-webm-vp8: eb34c28f22e8b96e1ab97ce403110664 -> 
  custom:framework-osx-AVFoundation: e770b220cccbd017edd2c1fefb359320 -> 
  custom:video-decoder-webm-vp8: 9c59270c3fd7afecdb556c50c9e8de78 -> 
  custom:audio-decoder-ogg-vorbis: bf7c407c2cedff20999df2af8eb42d56 -> 
  custom:audio-encoder-webm-vorbis: bf7c407c2cedff20999df2af8eb42d56 -> 
========================================================================
Received Import Request.
  Time since last request: 396.428978 seconds.
  path: Assets/UnityChanAssets/Chocolate
  artifactKey: Guid(819d77672e6a349fa9b585fc44c4a30b) Importer(815301076,1909f56bfc062723c751e8b465ee728b)
Start importing Assets/UnityChanAssets/Chocolate using Guid(819d77672e6a349fa9b585fc44c4a30b) Importer(815301076,1909f56bfc062723c751e8b465ee728b)  -> (artifact id: '25d458ccea8f0d42a61484f1c36d08b3') in 0.005673 seconds 
========================================================================
Received Import Request.
  Time since last request: 0.079712 seconds.
  path: Assets/UnityChanAssets/Chocolate/Chocolate.fbx
  artifactKey: Guid(0173ad68e5b3442dd9d0316b02a5d667) Importer(815301076,1909f56bfc062723c751e8b465ee728b)
Start importing Assets/UnityChanAssets/Chocolate/Chocolate.fbx using Guid(0173ad68e5b3442dd9d0316b02a5d667) Importer(815301076,1909f56bfc062723c751e8b465ee728b)  -> (artifact id: 'efa664368cf8fe54b8c39cc9f8efa584') in 0.524947 seconds 
========================================================================
Received Import Request.
  Time since last request: 4.001971 seconds.
  path: Assets/UnityChanAssets/Bgm
  artifactKey: Guid(2039bf7fe78be49e3b94df69a6a4abb7) Importer(815301076,1909f56bfc062723c751e8b465ee728b)
Start importing Assets/UnityChanAssets/Bgm using Guid(2039bf7fe78be49e3b94df69a6a4abb7) Importer(815301076,1909f56bfc062723c751e8b465ee728b)  -> (artifact id: '4a88d6ab5b98960f2fa3eee22b86e6cd') in 0.001134 seconds 
========================================================================
Received Import Request.
  Time since last request: 0.080858 seconds.
  path: Assets/UnityChanAssets/Bgm/04 Unite in the sky (Instrumental).mp3
  artifactKey: Guid(f82cf7331233745f1acd54259ed699f5) Importer(815301076,1909f56bfc062723c751e8b465ee728b)
Start importing Assets/UnityChanAssets/Bgm/04 Unite in the sky (Instrumental).mp3 using Guid(f82cf7331233745f1acd54259ed699f5) Importer(815301076,1909f56bfc062723c751e8b465ee728b)  -> (artifact id: 'adbf7b67cb967b00c5c10782ea15490d') in 0.755133 seconds 
========================================================================
Received Prepare
Registering precompiled user dll's ...
Registered in 0.002653 seconds.
Begin MonoManager ReloadAssembly
Symbol file LoadedFromMemory doesn't match image /Users/ando/work/Unity/unity-training/UnityChan3DSample/Library/PackageCache/com.unity.visualscripting@1.6.1/Editor/VisualScripting.Core/Dependencies/YamlDotNet/Unity.VisualScripting.YamlDotNet.dll
Symbol file LoadedFromMemory doesn't match image /Users/ando/work/Unity/unity-training/UnityChan3DSample/Library/PackageCache/com.unity.visualscripting@1.6.1/Editor/VisualScripting.Core/Dependencies/DotNetZip/Unity.VisualScripting.IonicZip.dll
Native extension for OSXStandalone target not found
Refreshing native plugins compatible for Editor in 1.03 ms, found 2 plugins.
Preloading 0 native plugins for Editor in 0.00 ms.
Mono: successfully reloaded assembly
- Completed reload, in  1.156 seconds
Domain Reload Profiling:
	ReloadAssembly (1157ms)
		BeginReloadAssembly (136ms)
			ExecutionOrderSort (0ms)
			DisableScriptedObjects (4ms)
			BackupInstance (0ms)
			ReleaseScriptingObjects (0ms)
			CreateAndSetChildDomain (71ms)
		EndReloadAssembly (961ms)
			LoadAssemblies (73ms)
			RebuildTransferFunctionScriptingTraits (0ms)
			SetupTypeCache (379ms)
			ReleaseScriptCaches (1ms)
			RebuildScriptCaches (46ms)
			SetupLoadedEditorAssemblies (357ms)
				LogAssemblyErrors (0ms)
				InitializePlatformSupportModulesInManaged (24ms)
				SetLoadedEditorAssemblies (1ms)
				RefreshPlugins (1ms)
				BeforeProcessingInitializeOnLoad (51ms)
				ProcessInitializeOnLoadAttributes (274ms)
				ProcessInitializeOnLoadMethodAttributes (5ms)
				AfterProcessingInitializeOnLoad (1ms)
				EditorAssembliesLoaded (0ms)
			ExecutionOrderSort2 (0ms)
			AwakeInstancesAfterBackupRestoration (7ms)
Platform modules already initialized, skipping
Refreshing native plugins compatible for Editor in 0.55 ms, found 2 plugins.
Preloading 0 native plugins for Editor in 0.00 ms.
Unloading 3067 Unused Serialized files (Serialized files now loaded: 0)
System memory in use before: 271.6 MB.
System memory in use after: 270.0 MB.

Unloading 36 unused Assets to reduce memory usage. Loaded Objects now: 3561.
Total: 3.971157 ms (FindLiveObjects: 0.218267 ms CreateObjectMapping: 0.136776 ms MarkObjects: 2.719368 ms  DeleteObjects: 0.895991 ms)

AssetImportParameters requested are different than current active one (requested -> active):
  custom:video-decoder-ogg-theora: a1e56fd34408186e4bbccfd4996cb3dc -> 
  custom:container-muxer-webm: aa71ff27fc2769a1b78a27578f13a17b -> 
  custom:container-demuxer-webm: 4f35f7cbe854078d1ac9338744f61a02 -> 
  custom:container-demuxer-ogg: 62fdf1f143b41e24485cea50d1cbac27 -> 
  custom:video-encoder-webm-vp8: eb34c28f22e8b96e1ab97ce403110664 -> 
  custom:framework-osx-AVFoundation: e770b220cccbd017edd2c1fefb359320 -> 
  custom:video-decoder-webm-vp8: 9c59270c3fd7afecdb556c50c9e8de78 -> 
  custom:audio-decoder-ogg-vorbis: bf7c407c2cedff20999df2af8eb42d56 -> 
  custom:audio-encoder-webm-vorbis: bf7c407c2cedff20999df2af8eb42d56 -> 
