Using pre-set license
Pro License: NO

 COMMAND LINE ARGUMENTS:
/Applications/Unity/Hub/Editor/2021.1.16f1/Unity.app/Contents/MacOS/Unity
-adb2
-batchMode
-noUpm
-name
AssetImportWorker0
-projectPath
/Users/ando/work/Unity/unity-training/ClimbCloud
-logFile
Logs/AssetImportWorker0.log
-srvPort
64816
Successfully changed project path to: /Users/ando/work/Unity/unity-training/ClimbCloud
/Users/ando/work/Unity/unity-training/ClimbCloud
Using Asset Import Pipeline V2.
Refreshing native plugins compatible for Editor in 132.31 ms, found 3 plugins.
Preloading 0 native plugins for Editor in 0.00 ms.
Initialize engine version: 2021.1.16f1 (5fa502fca597)
[Subsystems] Discovering subsystems at path /Applications/Unity/Hub/Editor/2021.1.16f1/Unity.app/Contents/Resources/UnitySubsystems
[Subsystems] Discovering subsystems at path /Users/ando/work/Unity/unity-training/ClimbCloud/Assets
GfxDevice: creating device client; threaded=0; jobified=0
2022-01-11 11:45:27.763 Unity[20069:865280] Color LCD preferred device: Intel(R) UHD Graphics 630 (low power)
2022-01-11 11:45:27.763 Unity[20069:865280] Metal devices available: 2
2022-01-11 11:45:27.763 Unity[20069:865280] 0: AMD Radeon Pro 5500M (high power)
2022-01-11 11:45:27.763 Unity[20069:865280] 1: Intel(R) UHD Graphics 630 (low power)
2022-01-11 11:45:27.764 Unity[20069:865280] Using device AMD Radeon Pro 5500M (high power)
Initializing Metal device caps: AMD Radeon Pro 5500M
Initialize mono
Mono path[0] = '/Applications/Unity/Hub/Editor/2021.1.16f1/Unity.app/Contents/Managed'
Mono path[1] = '/Applications/Unity/Hub/Editor/2021.1.16f1/Unity.app/Contents/MonoBleedingEdge/lib/mono/unityjit'
Mono config path = '/Applications/Unity/Hub/Editor/2021.1.16f1/Unity.app/Contents/MonoBleedingEdge/etc'
Using monoOptions --debugger-agent=transport=dt_socket,embedding=1,server=y,suspend=n,address=127.0.0.1:56069
Begin MonoManager ReloadAssembly
Registering precompiled unity dll's ...
Register platform support module: /Applications/Unity/Hub/Editor/2021.1.16f1/Unity.app/Contents/PlaybackEngines/MacStandaloneSupport/UnityEditor.OSXStandalone.Extensions.dll
Registered in 0.000545 seconds.
Native extension for OSXStandalone target not found
Refreshing native plugins compatible for Editor in 106.96 ms, found 3 plugins.
Preloading 0 native plugins for Editor in 0.00 ms.
Mono: successfully reloaded assembly
- Completed reload, in  3.831 seconds
Domain Reload Profiling:
	ReloadAssembly (3832ms)
		BeginReloadAssembly (86ms)
			ExecutionOrderSort (0ms)
			DisableScriptedObjects (0ms)
			BackupInstance (0ms)
			ReleaseScriptingObjects (0ms)
			CreateAndSetChildDomain (1ms)
		EndReloadAssembly (611ms)
			LoadAssemblies (84ms)
			RebuildTransferFunctionScriptingTraits (0ms)
			SetupTypeCache (247ms)
			ReleaseScriptCaches (0ms)
			RebuildScriptCaches (46ms)
			SetupLoadedEditorAssemblies (267ms)
				LogAssemblyErrors (0ms)
				InitializePlatformSupportModulesInManaged (6ms)
				SetLoadedEditorAssemblies (0ms)
				RefreshPlugins (107ms)
				BeforeProcessingInitializeOnLoad (1ms)
				ProcessInitializeOnLoadAttributes (123ms)
				ProcessInitializeOnLoadMethodAttributes (30ms)
				AfterProcessingInitializeOnLoad (0ms)
				EditorAssembliesLoaded (0ms)
			ExecutionOrderSort2 (0ms)
			AwakeInstancesAfterBackupRestoration (0ms)
Platform modules already initialized, skipping
Registering precompiled user dll's ...
Registered in 0.002935 seconds.
Begin MonoManager ReloadAssembly
Symbol file LoadedFromMemory doesn't match image /Users/ando/work/Unity/unity-training/ClimbCloud/Library/PackageCache/com.unity.visualscripting@1.6.1/Editor/VisualScripting.Core/Dependencies/YamlDotNet/Unity.VisualScripting.YamlDotNet.dll
Symbol file LoadedFromMemory doesn't match image /Users/ando/work/Unity/unity-training/ClimbCloud/Library/PackageCache/com.unity.visualscripting@1.6.1/Editor/VisualScripting.Core/Dependencies/DotNetZip/Unity.VisualScripting.IonicZip.dll
Native extension for OSXStandalone target not found
Refreshing native plugins compatible for Editor in 93.71 ms, found 3 plugins.
Preloading 0 native plugins for Editor in 0.00 ms.
Mono: successfully reloaded assembly
- Completed reload, in  1.505 seconds
Domain Reload Profiling:
	ReloadAssembly (1506ms)
		BeginReloadAssembly (184ms)
			ExecutionOrderSort (0ms)
			DisableScriptedObjects (6ms)
			BackupInstance (0ms)
			ReleaseScriptingObjects (0ms)
			CreateAndSetChildDomain (35ms)
		EndReloadAssembly (1259ms)
			LoadAssemblies (82ms)
			RebuildTransferFunctionScriptingTraits (0ms)
			SetupTypeCache (495ms)
			ReleaseScriptCaches (1ms)
			RebuildScriptCaches (67ms)
			SetupLoadedEditorAssemblies (506ms)
				LogAssemblyErrors (0ms)
				InitializePlatformSupportModulesInManaged (4ms)
				SetLoadedEditorAssemblies (0ms)
				RefreshPlugins (94ms)
				BeforeProcessingInitializeOnLoad (73ms)
				ProcessInitializeOnLoadAttributes (317ms)
				ProcessInitializeOnLoadMethodAttributes (16ms)
				AfterProcessingInitializeOnLoad (1ms)
				EditorAssembliesLoaded (0ms)
			ExecutionOrderSort2 (0ms)
			AwakeInstancesAfterBackupRestoration (7ms)
Platform modules already initialized, skipping
========================================================================
Worker process is ready to serve import requests
Launching external process: /Applications/Unity/Hub/Editor/2021.1.16f1/Unity.app/Contents/Tools/UnityShaderCompiler
Launched and connected shader compiler UnityShaderCompiler after 0.01 seconds
Refreshing native plugins compatible for Editor in 0.70 ms, found 3 plugins.
Preloading 0 native plugins for Editor in 0.00 ms.
Unloading 3675 Unused Serialized files (Serialized files now loaded: 0)
System memory in use before: 260.6 MB.
System memory in use after: 260.7 MB.

Unloading 37 unused Assets to reduce memory usage. Loaded Objects now: 4119.
Total: 3.638155 ms (FindLiveObjects: 0.234536 ms CreateObjectMapping: 0.142997 ms MarkObjects: 3.158415 ms  DeleteObjects: 0.101493 ms)

AssetImportParameters requested are different than current active one (requested -> active):
  custom:video-decoder-ogg-theora: a1e56fd34408186e4bbccfd4996cb3dc -> 
  custom:container-muxer-webm: aa71ff27fc2769a1b78a27578f13a17b -> 
  custom:container-demuxer-webm: 4f35f7cbe854078d1ac9338744f61a02 -> 
  custom:container-demuxer-ogg: 62fdf1f143b41e24485cea50d1cbac27 -> 
  custom:video-encoder-webm-vp8: eb34c28f22e8b96e1ab97ce403110664 -> 
  custom:framework-osx-AVFoundation: e770b220cccbd017edd2c1fefb359320 -> 
  custom:video-decoder-webm-vp8: 9c59270c3fd7afecdb556c50c9e8de78 -> 
  custom:audio-decoder-ogg-vorbis: bf7c407c2cedff20999df2af8eb42d56 -> 
  custom:audio-encoder-webm-vorbis: bf7c407c2cedff20999df2af8eb42d56 -> 
========================================================================
Received Import Request.
  path: Assets/background.png
  artifactKey: Guid(95b7f136238fc453fb4c950e2d08195b) Importer(815301076,1909f56bfc062723c751e8b465ee728b)
Start importing Assets/background.png using Guid(95b7f136238fc453fb4c950e2d08195b) Importer(815301076,1909f56bfc062723c751e8b465ee728b)  -> (artifact id: 'c35b184a4d47f1150e1f7801122483e7') in 1.015837 seconds 
========================================================================
Received Import Request.
  Time since last request: 0.000183 seconds.
  path: Assets/cat_walk1.png
  artifactKey: Guid(43a67d58e596e43c3b48b65b72c86cc2) Importer(815301076,1909f56bfc062723c751e8b465ee728b)
Start importing Assets/cat_walk1.png using Guid(43a67d58e596e43c3b48b65b72c86cc2) Importer(815301076,1909f56bfc062723c751e8b465ee728b)  -> (artifact id: '2b7fb9854bbe85f615915011b1a1784f') in 0.962703 seconds 
========================================================================
Received Import Request.
  Time since last request: 0.000230 seconds.
  path: Assets/cat.png
  artifactKey: Guid(aa388d42edda84012aa9a2a5d686e16d) Importer(815301076,1909f56bfc062723c751e8b465ee728b)
Start importing Assets/cat.png using Guid(aa388d42edda84012aa9a2a5d686e16d) Importer(815301076,1909f56bfc062723c751e8b465ee728b)  -> (artifact id: 'e7edab8973a441bc2b289f1f598574d9') in 0.026205 seconds 
========================================================================
Received Import Request.
  Time since last request: 0.000179 seconds.
  path: Assets/cat_jump1.png
  artifactKey: Guid(ff6771b3a18a24b4c9965cc7a13db889) Importer(815301076,1909f56bfc062723c751e8b465ee728b)
Start importing Assets/cat_jump1.png using Guid(ff6771b3a18a24b4c9965cc7a13db889) Importer(815301076,1909f56bfc062723c751e8b465ee728b)  -> (artifact id: 'c6d6c75ea47b45d053aaff209fb65cae') in 0.009024 seconds 
========================================================================
Received Import Request.
  Time since last request: 0.000180 seconds.
  path: Assets/cat_jump2.png
  artifactKey: Guid(7b647f4e896374300afd975ec2060a37) Importer(815301076,1909f56bfc062723c751e8b465ee728b)
Start importing Assets/cat_jump2.png using Guid(7b647f4e896374300afd975ec2060a37) Importer(815301076,1909f56bfc062723c751e8b465ee728b)  -> (artifact id: 'e600d508bcf6f910242cf2920851f873') in 0.010132 seconds 
========================================================================
Received Import Request.
  Time since last request: 0.000149 seconds.
  path: Assets/cat_walk2.png
  artifactKey: Guid(1128aada6ddfb4661a14c4fa2683286c) Importer(815301076,1909f56bfc062723c751e8b465ee728b)
Start importing Assets/cat_walk2.png using Guid(1128aada6ddfb4661a14c4fa2683286c) Importer(815301076,1909f56bfc062723c751e8b465ee728b)  -> (artifact id: 'ed102274c6be65d7c6c3237a66c1d81d') in 0.010935 seconds 
========================================================================
Received Import Request.
  Time since last request: 0.000160 seconds.
  path: Assets/cat_walk3.png
  artifactKey: Guid(1d1028e16655b49b48203329165a7c06) Importer(815301076,1909f56bfc062723c751e8b465ee728b)
Start importing Assets/cat_walk3.png using Guid(1d1028e16655b49b48203329165a7c06) Importer(815301076,1909f56bfc062723c751e8b465ee728b)  -> (artifact id: '12a0b7703f2c28b8ed21a65e10121d23') in 0.007824 seconds 
========================================================================
Received Import Request.
  Time since last request: 0.000146 seconds.
  path: Assets/background_clear.png
  artifactKey: Guid(b8873918ffe4647a0b8bfa559b1df6a6) Importer(815301076,1909f56bfc062723c751e8b465ee728b)
Start importing Assets/background_clear.png using Guid(b8873918ffe4647a0b8bfa559b1df6a6) Importer(815301076,1909f56bfc062723c751e8b465ee728b)  -> (artifact id: 'eb2cbd39b296e4290b5457f9a1757123') in 0.018292 seconds 
========================================================================
Received Import Request.
  Time since last request: 0.000295 seconds.
  path: Assets/cat_jump3.png
  artifactKey: Guid(7d62cda7a01314ddcb71b9907d245c17) Importer(815301076,1909f56bfc062723c751e8b465ee728b)
Start importing Assets/cat_jump3.png using Guid(7d62cda7a01314ddcb71b9907d245c17) Importer(815301076,1909f56bfc062723c751e8b465ee728b)  -> (artifact id: 'b13922c8595f48a121fdb96a4db27243') in 0.015827 seconds 
========================================================================
Received Import Request.
  Time since last request: 0.000161 seconds.
  path: Assets/cloud.png
  artifactKey: Guid(d1ac3620ef53d4426890984c814e2b4d) Importer(815301076,1909f56bfc062723c751e8b465ee728b)
Start importing Assets/cloud.png using Guid(d1ac3620ef53d4426890984c814e2b4d) Importer(815301076,1909f56bfc062723c751e8b465ee728b)  -> (artifact id: '89b58278cdcdd434a740134cbf9dc422') in 0.011639 seconds 
========================================================================
Received Import Request.
  Time since last request: 0.000189 seconds.
  path: Assets/flag.png
  artifactKey: Guid(50defca0de3b84427b80294eaac05af0) Importer(815301076,1909f56bfc062723c751e8b465ee728b)
Start importing Assets/flag.png using Guid(50defca0de3b84427b80294eaac05af0) Importer(815301076,1909f56bfc062723c751e8b465ee728b)  -> (artifact id: '87dc278fd7cc122e7fa7063e07e7d1c8') in 0.010576 seconds 
========================================================================
Received Prepare
Registering precompiled user dll's ...
Registered in 0.002597 seconds.
Begin MonoManager ReloadAssembly
Symbol file LoadedFromMemory doesn't match image /Users/ando/work/Unity/unity-training/ClimbCloud/Library/PackageCache/com.unity.visualscripting@1.6.1/Editor/VisualScripting.Core/Dependencies/YamlDotNet/Unity.VisualScripting.YamlDotNet.dll
Symbol file LoadedFromMemory doesn't match image /Users/ando/work/Unity/unity-training/ClimbCloud/Library/PackageCache/com.unity.visualscripting@1.6.1/Editor/VisualScripting.Core/Dependencies/DotNetZip/Unity.VisualScripting.IonicZip.dll
Native extension for OSXStandalone target not found
Refreshing native plugins compatible for Editor in 0.63 ms, found 3 plugins.
Preloading 0 native plugins for Editor in 0.00 ms.
Mono: successfully reloaded assembly
- Completed reload, in  1.234 seconds
Domain Reload Profiling:
	ReloadAssembly (1234ms)
		BeginReloadAssembly (149ms)
			ExecutionOrderSort (0ms)
			DisableScriptedObjects (6ms)
			BackupInstance (0ms)
			ReleaseScriptingObjects (0ms)
			CreateAndSetChildDomain (80ms)
		EndReloadAssembly (1024ms)
			LoadAssemblies (76ms)
			RebuildTransferFunctionScriptingTraits (1ms)
			SetupTypeCache (396ms)
			ReleaseScriptCaches (1ms)
			RebuildScriptCaches (51ms)
			SetupLoadedEditorAssemblies (379ms)
				LogAssemblyErrors (0ms)
				InitializePlatformSupportModulesInManaged (4ms)
				SetLoadedEditorAssemblies (0ms)
				RefreshPlugins (1ms)
				BeforeProcessingInitializeOnLoad (52ms)
				ProcessInitializeOnLoadAttributes (312ms)
				ProcessInitializeOnLoadMethodAttributes (8ms)
				AfterProcessingInitializeOnLoad (1ms)
				EditorAssembliesLoaded (0ms)
			ExecutionOrderSort2 (0ms)
			AwakeInstancesAfterBackupRestoration (15ms)
Platform modules already initialized, skipping
Refreshing native plugins compatible for Editor in 0.52 ms, found 3 plugins.
Preloading 0 native plugins for Editor in 0.00 ms.
Unloading 3681 Unused Serialized files (Serialized files now loaded: 0)
System memory in use before: 277.6 MB.
System memory in use after: 277.7 MB.

Unloading 25 unused Assets to reduce memory usage. Loaded Objects now: 4302.
Total: 3.682687 ms (FindLiveObjects: 0.260967 ms CreateObjectMapping: 0.178135 ms MarkObjects: 3.179084 ms  DeleteObjects: 0.063790 ms)

AssetImportParameters requested are different than current active one (requested -> active):
  custom:video-decoder-ogg-theora: a1e56fd34408186e4bbccfd4996cb3dc -> 
  custom:container-muxer-webm: aa71ff27fc2769a1b78a27578f13a17b -> 
  custom:container-demuxer-webm: 4f35f7cbe854078d1ac9338744f61a02 -> 
  custom:container-demuxer-ogg: 62fdf1f143b41e24485cea50d1cbac27 -> 
  custom:video-encoder-webm-vp8: eb34c28f22e8b96e1ab97ce403110664 -> 
  custom:framework-osx-AVFoundation: e770b220cccbd017edd2c1fefb359320 -> 
  custom:video-decoder-webm-vp8: 9c59270c3fd7afecdb556c50c9e8de78 -> 
  custom:audio-decoder-ogg-vorbis: bf7c407c2cedff20999df2af8eb42d56 -> 
  custom:audio-encoder-webm-vorbis: bf7c407c2cedff20999df2af8eb42d56 -> 
========================================================================
Received Prepare
Registering precompiled user dll's ...
Registered in 0.004388 seconds.
Begin MonoManager ReloadAssembly
Symbol file LoadedFromMemory doesn't match image /Users/ando/work/Unity/unity-training/ClimbCloud/Library/PackageCache/com.unity.visualscripting@1.6.1/Editor/VisualScripting.Core/Dependencies/YamlDotNet/Unity.VisualScripting.YamlDotNet.dll
Symbol file LoadedFromMemory doesn't match image /Users/ando/work/Unity/unity-training/ClimbCloud/Library/PackageCache/com.unity.visualscripting@1.6.1/Editor/VisualScripting.Core/Dependencies/DotNetZip/Unity.VisualScripting.IonicZip.dll
Native extension for OSXStandalone target not found
Refreshing native plugins compatible for Editor in 0.61 ms, found 3 plugins.
Preloading 0 native plugins for Editor in 0.00 ms.
Mono: successfully reloaded assembly
- Completed reload, in  1.168 seconds
Domain Reload Profiling:
	ReloadAssembly (1168ms)
		BeginReloadAssembly (134ms)
			ExecutionOrderSort (0ms)
			DisableScriptedObjects (8ms)
			BackupInstance (0ms)
			ReleaseScriptingObjects (0ms)
			CreateAndSetChildDomain (68ms)
		EndReloadAssembly (974ms)
			LoadAssemblies (69ms)
			RebuildTransferFunctionScriptingTraits (0ms)
			SetupTypeCache (374ms)
			ReleaseScriptCaches (1ms)
			RebuildScriptCaches (48ms)
			SetupLoadedEditorAssemblies (366ms)
				LogAssemblyErrors (0ms)
				InitializePlatformSupportModulesInManaged (4ms)
				SetLoadedEditorAssemblies (0ms)
				RefreshPlugins (1ms)
				BeforeProcessingInitializeOnLoad (49ms)
				ProcessInitializeOnLoadAttributes (302ms)
				ProcessInitializeOnLoadMethodAttributes (9ms)
				AfterProcessingInitializeOnLoad (1ms)
				EditorAssembliesLoaded (0ms)
			ExecutionOrderSort2 (0ms)
			AwakeInstancesAfterBackupRestoration (15ms)
Platform modules already initialized, skipping
Refreshing native plugins compatible for Editor in 0.49 ms, found 3 plugins.
Preloading 0 native plugins for Editor in 0.00 ms.
Unloading 3670 Unused Serialized files (Serialized files now loaded: 0)
System memory in use before: 277.5 MB.
System memory in use after: 277.6 MB.

Unloading 25 unused Assets to reduce memory usage. Loaded Objects now: 4306.
Total: 3.000128 ms (FindLiveObjects: 0.225786 ms CreateObjectMapping: 0.127683 ms MarkObjects: 2.591503 ms  DeleteObjects: 0.054687 ms)

AssetImportParameters requested are different than current active one (requested -> active):
  custom:video-decoder-ogg-theora: a1e56fd34408186e4bbccfd4996cb3dc -> 
  custom:container-muxer-webm: aa71ff27fc2769a1b78a27578f13a17b -> 
  custom:container-demuxer-webm: 4f35f7cbe854078d1ac9338744f61a02 -> 
  custom:container-demuxer-ogg: 62fdf1f143b41e24485cea50d1cbac27 -> 
  custom:video-encoder-webm-vp8: eb34c28f22e8b96e1ab97ce403110664 -> 
  custom:framework-osx-AVFoundation: e770b220cccbd017edd2c1fefb359320 -> 
  custom:video-decoder-webm-vp8: 9c59270c3fd7afecdb556c50c9e8de78 -> 
  custom:audio-decoder-ogg-vorbis: bf7c407c2cedff20999df2af8eb42d56 -> 
  custom:audio-encoder-webm-vorbis: bf7c407c2cedff20999df2af8eb42d56 -> 
========================================================================
Received Prepare
Registering precompiled user dll's ...
Registered in 0.002484 seconds.
Begin MonoManager ReloadAssembly
Symbol file LoadedFromMemory doesn't match image /Users/ando/work/Unity/unity-training/ClimbCloud/Library/PackageCache/com.unity.visualscripting@1.6.1/Editor/VisualScripting.Core/Dependencies/YamlDotNet/Unity.VisualScripting.YamlDotNet.dll
Symbol file LoadedFromMemory doesn't match image /Users/ando/work/Unity/unity-training/ClimbCloud/Library/PackageCache/com.unity.visualscripting@1.6.1/Editor/VisualScripting.Core/Dependencies/DotNetZip/Unity.VisualScripting.IonicZip.dll
Native extension for OSXStandalone target not found
Refreshing native plugins compatible for Editor in 0.63 ms, found 3 plugins.
Preloading 0 native plugins for Editor in 0.00 ms.
Mono: successfully reloaded assembly
- Completed reload, in  1.214 seconds
Domain Reload Profiling:
	ReloadAssembly (1215ms)
		BeginReloadAssembly (138ms)
			ExecutionOrderSort (0ms)
			DisableScriptedObjects (7ms)
			BackupInstance (0ms)
			ReleaseScriptingObjects (0ms)
			CreateAndSetChildDomain (73ms)
		EndReloadAssembly (1004ms)
			LoadAssemblies (76ms)
			RebuildTransferFunctionScriptingTraits (0ms)
			SetupTypeCache (397ms)
			ReleaseScriptCaches (1ms)
			RebuildScriptCaches (53ms)
			SetupLoadedEditorAssemblies (356ms)
				LogAssemblyErrors (0ms)
				InitializePlatformSupportModulesInManaged (4ms)
				SetLoadedEditorAssemblies (0ms)
				RefreshPlugins (1ms)
				BeforeProcessingInitializeOnLoad (51ms)
				ProcessInitializeOnLoadAttributes (288ms)
				ProcessInitializeOnLoadMethodAttributes (10ms)
				AfterProcessingInitializeOnLoad (2ms)
				EditorAssembliesLoaded (0ms)
			ExecutionOrderSort2 (0ms)
			AwakeInstancesAfterBackupRestoration (18ms)
Platform modules already initialized, skipping
Refreshing native plugins compatible for Editor in 0.45 ms, found 3 plugins.
Preloading 0 native plugins for Editor in 0.00 ms.
Unloading 3670 Unused Serialized files (Serialized files now loaded: 0)
System memory in use before: 277.7 MB.
System memory in use after: 277.9 MB.

Unloading 25 unused Assets to reduce memory usage. Loaded Objects now: 4310.
Total: 3.726028 ms (FindLiveObjects: 0.272555 ms CreateObjectMapping: 0.138676 ms MarkObjects: 3.244005 ms  DeleteObjects: 0.070142 ms)

AssetImportParameters requested are different than current active one (requested -> active):
  custom:video-decoder-ogg-theora: a1e56fd34408186e4bbccfd4996cb3dc -> 
  custom:container-muxer-webm: aa71ff27fc2769a1b78a27578f13a17b -> 
  custom:container-demuxer-webm: 4f35f7cbe854078d1ac9338744f61a02 -> 
  custom:container-demuxer-ogg: 62fdf1f143b41e24485cea50d1cbac27 -> 
  custom:video-encoder-webm-vp8: eb34c28f22e8b96e1ab97ce403110664 -> 
  custom:framework-osx-AVFoundation: e770b220cccbd017edd2c1fefb359320 -> 
  custom:video-decoder-webm-vp8: 9c59270c3fd7afecdb556c50c9e8de78 -> 
  custom:audio-decoder-ogg-vorbis: bf7c407c2cedff20999df2af8eb42d56 -> 
  custom:audio-encoder-webm-vorbis: bf7c407c2cedff20999df2af8eb42d56 -> 
========================================================================
Received Import Request.
  Time since last request: 3208.267460 seconds.
  path: Assets/GameScene.unity
  artifactKey: Guid(d34bc218f32974461b4cdb358018661d) Importer(2089858483,934ff659095e30574adcf32a4c2f97b5)
Start importing Assets/GameScene.unity using Guid(d34bc218f32974461b4cdb358018661d) Importer(2089858483,934ff659095e30574adcf32a4c2f97b5)  -> (artifact id: '6e24b10daf61fa1ff49ff6bd7e0763e9') in 0.060814 seconds 
========================================================================
Received Import Request.
  Time since last request: 0.000240 seconds.
  path: Assets/Scenes/SampleScene.unity
  artifactKey: Guid(2cda990e2423bbf4892e6590ba056729) Importer(2089858483,934ff659095e30574adcf32a4c2f97b5)
Start importing Assets/Scenes/SampleScene.unity using Guid(2cda990e2423bbf4892e6590ba056729) Importer(2089858483,934ff659095e30574adcf32a4c2f97b5)  -> (artifact id: 'cf21bfe00aa7e8c096d45b4801373b30') in 0.003439 seconds 
========================================================================
Received Import Request.
  Time since last request: 0.000369 seconds.
  path: Assets/cat_walk1.png
  artifactKey: Guid(43a67d58e596e43c3b48b65b72c86cc2) Importer(2089858483,934ff659095e30574adcf32a4c2f97b5)
Start importing Assets/cat_walk1.png using Guid(43a67d58e596e43c3b48b65b72c86cc2) Importer(2089858483,934ff659095e30574adcf32a4c2f97b5)  -> (artifact id: '1267b34fddef4b41a102eb8848dae4c9') in 0.014365 seconds 
========================================================================
Received Import Request.
  Time since last request: 0.000153 seconds.
  path: Assets/background_clear.png
  artifactKey: Guid(b8873918ffe4647a0b8bfa559b1df6a6) Importer(2089858483,934ff659095e30574adcf32a4c2f97b5)
Start importing Assets/background_clear.png using Guid(b8873918ffe4647a0b8bfa559b1df6a6) Importer(2089858483,934ff659095e30574adcf32a4c2f97b5)  -> (artifact id: 'eba24fee3f2055b619e4abde30ef3b5a') in 0.005677 seconds 
========================================================================
Received Import Request.
  Time since last request: 0.000132 seconds.
  path: Assets/cloud.png
  artifactKey: Guid(d1ac3620ef53d4426890984c814e2b4d) Importer(2089858483,934ff659095e30574adcf32a4c2f97b5)
Start importing Assets/cloud.png using Guid(d1ac3620ef53d4426890984c814e2b4d) Importer(2089858483,934ff659095e30574adcf32a4c2f97b5)  -> (artifact id: '01825950c4aa7d2cce3c3bc9e309cb1b') in 0.006998 seconds 
========================================================================
Received Import Request.
  Time since last request: 0.000221 seconds.
  path: Assets/cat_walk3.png
  artifactKey: Guid(1d1028e16655b49b48203329165a7c06) Importer(2089858483,934ff659095e30574adcf32a4c2f97b5)
Start importing Assets/cat_walk3.png using Guid(1d1028e16655b49b48203329165a7c06) Importer(2089858483,934ff659095e30574adcf32a4c2f97b5)  -> (artifact id: 'bb55a9e15a86769cd2bc48d493ebbbe5') in 0.006565 seconds 
========================================================================
Received Import Request.
  Time since last request: 0.000181 seconds.
  path: Assets/cat_jump1.png
  artifactKey: Guid(ff6771b3a18a24b4c9965cc7a13db889) Importer(2089858483,934ff659095e30574adcf32a4c2f97b5)
Start importing Assets/cat_jump1.png using Guid(ff6771b3a18a24b4c9965cc7a13db889) Importer(2089858483,934ff659095e30574adcf32a4c2f97b5)  -> (artifact id: '163a9cdd5f0f6abf5e394f25f59214c9') in 0.005012 seconds 
========================================================================
Received Import Request.
  Time since last request: 0.000138 seconds.
  path: Assets/flag.png
  artifactKey: Guid(50defca0de3b84427b80294eaac05af0) Importer(2089858483,934ff659095e30574adcf32a4c2f97b5)
Start importing Assets/flag.png using Guid(50defca0de3b84427b80294eaac05af0) Importer(2089858483,934ff659095e30574adcf32a4c2f97b5)  -> (artifact id: 'c6c1492d29afc29279f0f262632066c4') in 0.005993 seconds 
========================================================================
Received Import Request.
  Time since last request: 0.000153 seconds.
  path: Assets/cat_walk2.png
  artifactKey: Guid(1128aada6ddfb4661a14c4fa2683286c) Importer(2089858483,934ff659095e30574adcf32a4c2f97b5)
Start importing Assets/cat_walk2.png using Guid(1128aada6ddfb4661a14c4fa2683286c) Importer(2089858483,934ff659095e30574adcf32a4c2f97b5)  -> (artifact id: '0eb30a60c4a5df4dd312d36cb779e061') in 0.005704 seconds 
========================================================================
Received Import Request.
  Time since last request: 0.000181 seconds.
  path: Assets/cat_jump3.png
  artifactKey: Guid(7d62cda7a01314ddcb71b9907d245c17) Importer(2089858483,934ff659095e30574adcf32a4c2f97b5)
Start importing Assets/cat_jump3.png using Guid(7d62cda7a01314ddcb71b9907d245c17) Importer(2089858483,934ff659095e30574adcf32a4c2f97b5)  -> (artifact id: '541ffcffc51c97457426b00d4ac216ce') in 0.004706 seconds 
========================================================================
Received Import Request.
  Time since last request: 0.000251 seconds.
  path: Assets/background.png
  artifactKey: Guid(95b7f136238fc453fb4c950e2d08195b) Importer(2089858483,934ff659095e30574adcf32a4c2f97b5)
Start importing Assets/background.png using Guid(95b7f136238fc453fb4c950e2d08195b) Importer(2089858483,934ff659095e30574adcf32a4c2f97b5)  -> (artifact id: 'a4ec62be516a5c542cd9ec5a08aec96c') in 0.006707 seconds 
========================================================================
Received Import Request.
  Time since last request: 0.000217 seconds.
  path: Assets/cat_jump2.png
  artifactKey: Guid(7b647f4e896374300afd975ec2060a37) Importer(2089858483,934ff659095e30574adcf32a4c2f97b5)
Start importing Assets/cat_jump2.png using Guid(7b647f4e896374300afd975ec2060a37) Importer(2089858483,934ff659095e30574adcf32a4c2f97b5)  -> (artifact id: 'd56162d0eb89475d2ea56dd8913a22df') in 0.007051 seconds 
========================================================================
Received Import Request.
  Time since last request: 0.000261 seconds.
  path: Assets/cat.png
  artifactKey: Guid(aa388d42edda84012aa9a2a5d686e16d) Importer(2089858483,934ff659095e30574adcf32a4c2f97b5)
Start importing Assets/cat.png using Guid(aa388d42edda84012aa9a2a5d686e16d) Importer(2089858483,934ff659095e30574adcf32a4c2f97b5)  -> (artifact id: 'f83b9e0e9e929653eeb26fe6aa7ba3ba') in 0.007200 seconds 
========================================================================
Received Import Request.
  Time since last request: 6.078879 seconds.
  path: Assets/GameScene.unity
  artifactKey: Guid(d34bc218f32974461b4cdb358018661d) Importer(2089858483,934ff659095e30574adcf32a4c2f97b5)
Start importing Assets/GameScene.unity using Guid(d34bc218f32974461b4cdb358018661d) Importer(2089858483,934ff659095e30574adcf32a4c2f97b5)  -> (artifact id: 'a052c61ba501f59092a587d5f9a87bef') in 0.004028 seconds 
========================================================================
Received Import Request.
  Time since last request: 86.623922 seconds.
  path: Assets/GameScene.unity
  artifactKey: Guid(d34bc218f32974461b4cdb358018661d) Importer(2089858483,934ff659095e30574adcf32a4c2f97b5)
Start importing Assets/GameScene.unity using Guid(d34bc218f32974461b4cdb358018661d) Importer(2089858483,934ff659095e30574adcf32a4c2f97b5)  -> (artifact id: '1b330f4c9708d0d12344d1684ee677cd') in 0.005576 seconds 
========================================================================
Received Import Request.
  Time since last request: 219.375576 seconds.
  path: Assets/GameScene.unity
  artifactKey: Guid(d34bc218f32974461b4cdb358018661d) Importer(2089858483,934ff659095e30574adcf32a4c2f97b5)
Start importing Assets/GameScene.unity using Guid(d34bc218f32974461b4cdb358018661d) Importer(2089858483,934ff659095e30574adcf32a4c2f97b5)  -> (artifact id: '4c4052da4856d2b44a87c911b37f5274') in 0.003552 seconds 
========================================================================
Received Import Request.
  Time since last request: 429.768246 seconds.
  path: Assets/GameScene.unity
  artifactKey: Guid(d34bc218f32974461b4cdb358018661d) Importer(2089858483,934ff659095e30574adcf32a4c2f97b5)
Start importing Assets/GameScene.unity using Guid(d34bc218f32974461b4cdb358018661d) Importer(2089858483,934ff659095e30574adcf32a4c2f97b5)  -> (artifact id: '1f925c0167e0c30a7a931262ec6f3344') in 0.004465 seconds 
AssetImportWorkerClient::OnTransportError - code=2 error=End of file
